#
# There is insufficient memory for the Java Runtime Environment to continue.
# Native memory allocation (malloc) failed to allocate 1360848 bytes. Error detail: Chunk::new
# Possible reasons:
#   The system is out of physical RAM or swap space
#   This process is running with CompressedOops enabled, and the Java Heap may be blocking the growth of the native heap
# Possible solutions:
#   Reduce memory load on the system
#   Increase physical memory or swap space
#   Check if swap backing store is full
#   Decrease Java heap size (-Xmx/-Xms)
#   Decrease number of Java threads
#   Decrease Java thread stack sizes (-Xss)
#   Set larger code cache with -XX:ReservedCodeCacheSize=
#   JVM is running with Unscaled Compressed Oops mode in which the Java heap is
#     placed in the first 4GB address space. The Java Heap base address is the
#     maximum limit for the native heap growth. Please use -XX:HeapBaseMinAddress
#     to set the Java Heap base and to place the Java Heap above 4GB virtual address.
# This output file may be truncated or incomplete.
#
#  Out of Memory Error (arena.cpp:168), pid=33736, tid=36412
#
# JRE version: OpenJDK Runtime Environment Temurin-21.0.10+7 (21.0.10+7) (build 21.0.10+7-LTS)
# Java VM: OpenJDK 64-Bit Server VM Temurin-21.0.10+7 (21.0.10+7-LTS, mixed mode, sharing, tiered, compressed oops, compressed class ptrs, parallel gc, windows-amd64)
# No core dump will be written. Minidumps are not enabled by default on client versions of Windows
#

---------------  S U M M A R Y ------------

Command Line: --add-modules=ALL-SYSTEM --add-opens=java.base/java.util=ALL-UNNAMED --add-opens=java.base/java.lang=ALL-UNNAMED --add-opens=java.base/sun.nio.fs=ALL-UNNAMED -Declipse.application=org.eclipse.jdt.ls.core.id1 -Dosgi.bundles.defaultStartLevel=4 -Declipse.product=org.eclipse.jdt.ls.core.product -Djava.import.generatesMetadataFilesAtProjectRoot=false -DDetectVMInstallationsJob.disabled=true -Dfile.encoding=utf8 -XX:+UseParallelGC -XX:GCTimeRatio=4 -XX:AdaptiveSizePolicyWeight=90 -Dsun.zip.disableMemoryMapping=true -Xmx2G -Xms100m -Xlog:disable -javaagent:c:\Users\prati\.cursor\extensions\redhat.java-1.54.0-win32-x64\lombok\lombok-1.18.39-4050.jar c:\Users\prati\.cursor\extensions\redhat.java-1.54.0-win32-x64\server\plugins\org.eclipse.equinox.launcher_1.7.100.v20251111-0406.jar -configuration c:\Users\prati\AppData\Roaming\Cursor\User\globalStorage\redhat.java\1.54.0\config_ss_win -data c:\Users\prati\AppData\Roaming\Cursor\User\workspaceStorage\d1a8e0f931c2fc79481545991e8eff0d\redhat.java\ss_ws --pipe=\\.\pipe\lsp-a9e3cc0d06da16edc7fdeaea2c433d64-sock

Host: AMD Ryzen 5 5600H with Radeon Graphics         , 12 cores, 7G,  Windows 11 , 64 bit Build 26100 (10.0.26100.8521)
Time: Tue Jun 23 14:01:43 2026 India Standard Time elapsed time: 58.351175 seconds (0d 0h 0m 58s)

---------------  T H R E A D  ---------------

Current thread (0x0000027ff1f40860):  JavaThread "C2 CompilerThread0" daemon [_thread_in_native, id=36412, stack(0x000000b40a100000,0x000000b40a200000) (1024K)]


Current CompileTask:
C2:58351 6043       4       org.lombokweb.asm.ClassReader::readMethod (1070 bytes)

Stack: [0x000000b40a100000,0x000000b40a200000]
Native frames: (J=compiled Java code, j=interpreted, Vv=VM code, C=native code)
V  [jvm.dll+0x6d7a39]
V  [jvm.dll+0x8b4b26]
V  [jvm.dll+0x8b70de]
V  [jvm.dll+0x8b77c3]
V  [jvm.dll+0x284346]
V  [jvm.dll+0xc66ed]
V  [jvm.dll+0xc6c31]
V  [jvm.dll+0x3bec3b]
V  [jvm.dll+0x38b162]
V  [jvm.dll+0x38a5aa]
V  [jvm.dll+0x24c560]
V  [jvm.dll+0x24bb40]
V  [jvm.dll+0x1cb34e]
V  [jvm.dll+0x25b85d]
V  [jvm.dll+0x259dea]
V  [jvm.dll+0x3f857e]
V  [jvm.dll+0x85f59d]
V  [jvm.dll+0x6d626d]
C  [ucrtbase.dll+0x2cd30]
C  [KERNEL32.DLL+0x2e957]
C  [ntdll.dll+0x87c1c]


---------------  P R O C E S S  ---------------

Threads class SMR info:
_java_thread_list=0x0000027ff8eba090, length=37, elements={
0x0000027f991b0460, 0x0000027f99139400, 0x0000027f9913eb70, 0x0000027f99143660,
0x0000027f991440c0, 0x0000027f99147330, 0x0000027ff1f1e5d0, 0x0000027ff1f40860,
0x0000027ff1f42a20, 0x0000027ff2108d50, 0x0000027ff22a4a90, 0x0000027ff741a5c0,
0x0000027ff77f59b0, 0x0000027ff77f4c90, 0x0000027ff77f5320, 0x0000027ff2199eb0,
0x0000027ff219abd0, 0x0000027ff7ff3800, 0x0000027ff7ff3e90, 0x0000027ff7ff3170,
0x0000027ff7ff2450, 0x0000027ff7ff10a0, 0x0000027ff7ff1dc0, 0x0000027ff7ff4520,
0x0000027ff7ff2ae0, 0x0000027ff7ff4bb0, 0x0000027ff7ff1730, 0x0000027ff7ff6c80,
0x0000027ff7ff79a0, 0x0000027ff7ff8030, 0x0000027ff7ff7310, 0x0000027ff7ff86c0,
0x0000027ff7ff5240, 0x0000027ff7ff58d0, 0x0000027ff7ff5f60, 0x0000027ff7ff65f0,
0x0000027ff77f6040
}

Java Threads: ( => current thread )
  0x0000027f991b0460 JavaThread "main"                              [_thread_blocked, id=5608, stack(0x000000b409700000,0x000000b409800000) (1024K)]
  0x0000027f99139400 JavaThread "Reference Handler"          daemon [_thread_blocked, id=37120, stack(0x000000b409b00000,0x000000b409c00000) (1024K)]
  0x0000027f9913eb70 JavaThread "Finalizer"                  daemon [_thread_blocked, id=37396, stack(0x000000b409c00000,0x000000b409d00000) (1024K)]
  0x0000027f99143660 JavaThread "Signal Dispatcher"          daemon [_thread_blocked, id=37528, stack(0x000000b409d00000,0x000000b409e00000) (1024K)]
  0x0000027f991440c0 JavaThread "Attach Listener"            daemon [_thread_blocked, id=31112, stack(0x000000b409e00000,0x000000b409f00000) (1024K)]
  0x0000027f99147330 JavaThread "Service Thread"             daemon [_thread_blocked, id=26400, stack(0x000000b409f00000,0x000000b40a000000) (1024K)]
  0x0000027ff1f1e5d0 JavaThread "Monitor Deflation Thread"   daemon [_thread_blocked, id=14108, stack(0x000000b40a000000,0x000000b40a100000) (1024K)]
=>0x0000027ff1f40860 JavaThread "C2 CompilerThread0"         daemon [_thread_in_native, id=36412, stack(0x000000b40a100000,0x000000b40a200000) (1024K)]
  0x0000027ff1f42a20 JavaThread "C1 CompilerThread0"         daemon [_thread_in_vm, id=25012, stack(0x000000b40a200000,0x000000b40a300000) (1024K)]
  0x0000027ff2108d50 JavaThread "Common-Cleaner"             daemon [_thread_blocked, id=18912, stack(0x000000b40a300000,0x000000b40a400000) (1024K)]
  0x0000027ff22a4a90 JavaThread "Notification Thread"        daemon [_thread_blocked, id=30492, stack(0x000000b40a400000,0x000000b40a500000) (1024K)]
  0x0000027ff741a5c0 JavaThread "Active Thread: Equinox Container: 5351c983-17e7-41c8-9aef-f8219e5cfd18"        [_thread_blocked, id=37208, stack(0x000000b40b100000,0x000000b40b200000) (1024K)]
  0x0000027ff77f59b0 JavaThread "Framework Event Dispatcher: Equinox Container: 5351c983-17e7-41c8-9aef-f8219e5cfd18" daemon [_thread_blocked, id=24244, stack(0x000000b40ab00000,0x000000b40ac00000) (1024K)]
  0x0000027ff77f4c90 JavaThread "Start Level: Equinox Container: 5351c983-17e7-41c8-9aef-f8219e5cfd18" daemon [_thread_blocked, id=25096, stack(0x000000b40ac00000,0x000000b40ad00000) (1024K)]
  0x0000027ff77f5320 JavaThread "Refresh Thread: Equinox Container: 5351c983-17e7-41c8-9aef-f8219e5cfd18" daemon [_thread_blocked, id=36752, stack(0x000000b40ae00000,0x000000b40af00000) (1024K)]
  0x0000027ff2199eb0 JavaThread "SCR Component Actor"        daemon [_thread_blocked, id=14052, stack(0x000000b40bc00000,0x000000b40bd00000) (1024K)]
  0x0000027ff219abd0 JavaThread "Worker-JM"                         [_thread_blocked, id=22024, stack(0x000000b40bf00000,0x000000b40c000000) (1024K)]
  0x0000027ff7ff3800 JavaThread "Worker-0"                          [_thread_blocked, id=36736, stack(0x000000b40c000000,0x000000b40c100000) (1024K)]
  0x0000027ff7ff3e90 JavaThread "Worker-1: Building"                [_thread_in_native, id=30436, stack(0x000000b40c100000,0x000000b40c200000) (1024K)]
  0x0000027ff7ff3170 JavaThread "JNA Cleaner"                daemon [_thread_blocked, id=25152, stack(0x000000b40c200000,0x000000b40c300000) (1024K)]
  0x0000027ff7ff2450 JavaThread "Thread-1"                   daemon [_thread_in_native, id=11496, stack(0x000000b40c500000,0x000000b40c600000) (1024K)]
  0x0000027ff7ff10a0 JavaThread "Thread-2"                   daemon [_thread_in_native, id=24712, stack(0x000000b40c600000,0x000000b40c700000) (1024K)]
  0x0000027ff7ff1dc0 JavaThread "Thread-3"                   daemon [_thread_in_native, id=37212, stack(0x000000b40c700000,0x000000b40c800000) (1024K)]
  0x0000027ff7ff4520 JavaThread "Thread-4"                   daemon [_thread_in_native, id=3716, stack(0x000000b40c800000,0x000000b40c900000) (1024K)]
  0x0000027ff7ff2ae0 JavaThread "Thread-5"                   daemon [_thread_in_native, id=25840, stack(0x000000b40c900000,0x000000b40ca00000) (1024K)]
  0x0000027ff7ff4bb0 JavaThread "Thread-6"                   daemon [_thread_in_native, id=37244, stack(0x000000b40ca00000,0x000000b40cb00000) (1024K)]
  0x0000027ff7ff1730 JavaThread "Thread-7"                   daemon [_thread_in_native, id=37096, stack(0x000000b40cb00000,0x000000b40cc00000) (1024K)]
  0x0000027ff7ff6c80 JavaThread "Thread-8"                   daemon [_thread_in_native, id=36904, stack(0x000000b40cc00000,0x000000b40cd00000) (1024K)]
  0x0000027ff7ff79a0 JavaThread "Thread-9"                   daemon [_thread_in_native, id=17616, stack(0x000000b40cd00000,0x000000b40ce00000) (1024K)]
  0x0000027ff7ff8030 JavaThread "Thread-10"                  daemon [_thread_in_native, id=32684, stack(0x000000b40ce00000,0x000000b40cf00000) (1024K)]
  0x0000027ff7ff7310 JavaThread "Thread-11"                  daemon [_thread_in_native, id=10416, stack(0x000000b40cf00000,0x000000b40d000000) (1024K)]
  0x0000027ff7ff86c0 JavaThread "Thread-12"                  daemon [_thread_in_native, id=6380, stack(0x000000b40d000000,0x000000b40d100000) (1024K)]
  0x0000027ff7ff5240 JavaThread "Thread-13"                  daemon [_thread_in_native, id=8688, stack(0x000000b40d100000,0x000000b40d200000) (1024K)]
  0x0000027ff7ff58d0 JavaThread "pool-2-thread-1"                   [_thread_blocked, id=16440, stack(0x000000b40af00000,0x000000b40b000000) (1024K)]
  0x0000027ff7ff5f60 JavaThread "WorkspaceEventsHandler"            [_thread_blocked, id=9572, stack(0x000000b40b000000,0x000000b40b100000) (1024K)]
  0x0000027ff7ff65f0 JavaThread "pool-1-thread-1"                   [_thread_blocked, id=9732, stack(0x000000b40b200000,0x000000b40b300000) (1024K)]
  0x0000027ff77f6040 JavaThread "Worker-2"                          [_thread_blocked, id=15048, stack(0x000000b40b300000,0x000000b40b400000) (1024K)]
Total: 37

Other Threads:
  0x0000027f99246e70 VMThread "VM Thread"                           [id=24828, stack(0x000000b409a00000,0x000000b409b00000) (1024K)]
  0x0000027f9902ca00 WatcherThread "VM Periodic Task Thread"        [id=13300, stack(0x000000b409900000,0x000000b409a00000) (1024K)]
  0x0000027f991c8e40 WorkerThread "GC Thread#0"                     [id=24132, stack(0x000000b409800000,0x000000b409900000) (1024K)]
  0x0000027ff71f6510 WorkerThread "GC Thread#1"                     [id=6580, stack(0x000000b40a500000,0x000000b40a600000) (1024K)]
  0x0000027ff765b790 WorkerThread "GC Thread#2"                     [id=17464, stack(0x000000b40a600000,0x000000b40a700000) (1024K)]
  0x0000027ff765bb40 WorkerThread "GC Thread#3"                     [id=22436, stack(0x000000b40a700000,0x000000b40a800000) (1024K)]
  0x0000027ff22af2c0 WorkerThread "GC Thread#4"                     [id=21540, stack(0x000000b40a800000,0x000000b40a900000) (1024K)]
  0x0000027ff22af670 WorkerThread "GC Thread#5"                     [id=19864, stack(0x000000b40a900000,0x000000b40aa00000) (1024K)]
  0x0000027ff22afa20 WorkerThread "GC Thread#6"                     [id=6420, stack(0x000000b40aa00000,0x000000b40ab00000) (1024K)]
  0x0000027ff76abb40 WorkerThread "GC Thread#7"                     [id=21764, stack(0x000000b40ad00000,0x000000b40ae00000) (1024K)]
  0x0000027ff79a7640 WorkerThread "GC Thread#8"                     [id=37068, stack(0x000000b40bd00000,0x000000b40be00000) (1024K)]
  0x0000027ff7f40ee0 WorkerThread "GC Thread#9"                     [id=31848, stack(0x000000b40be00000,0x000000b40bf00000) (1024K)]
Total: 12

Threads with active compile tasks:
C2 CompilerThread0  58398 6043       4       org.lombokweb.asm.ClassReader::readMethod (1070 bytes)
Total: 1

VM state: not at safepoint (normal execution)

VM Mutex/Monitor currently owned by a thread: None

Heap address: 0x0000000080000000, size: 2048 MB, Compressed Oops mode: 32-bit

CDS archive(s) mapped at: [0x0000027fb0000000-0x0000027fb0ba0000-0x0000027fb0ba0000), size 12189696, SharedBaseAddress: 0x0000027fb0000000, ArchiveRelocationMode: 1.
Compressed class space mapped at: 0x0000027fb1000000-0x0000027ff1000000, reserved size: 1073741824
Narrow klass base: 0x0000027fb0000000, Narrow klass shift: 0, Narrow klass range: 0x100000000

GC Precious Log:
 CardTable entry size: 512
 CPUs: 12 total, 12 available
 Memory: 7521M
 Large Page Support: Disabled
 NUMA Support: Disabled
 Compressed Oops: Enabled (32-bit)
 Alignments: Space 512K, Generation 512K, Heap 2M
 Heap Min Capacity: 100M
 Heap Initial Capacity: 100M
 Heap Max Capacity: 2G
 Pre-touch: Disabled
 Parallel Workers: 10

Heap:
 PSYoungGen      total 36352K, used 23692K [0x00000000d5580000, 0x00000000d8300000, 0x0000000100000000)
  eden space 34304K, 63% used [0x00000000d5580000,0x00000000d6acb2c0,0x00000000d7700000)
  from space 2048K, 92% used [0x00000000d7f80000,0x00000000d8157e70,0x00000000d8180000)
  to   space 1536K, 0% used [0x00000000d8180000,0x00000000d8180000,0x00000000d8300000)
 ParOldGen       total 68608K, used 34790K [0x0000000080000000, 0x0000000084300000, 0x00000000d5580000)
  object space 68608K, 50% used [0x0000000080000000,0x00000000821f9b48,0x0000000084300000)
 Metaspace       used 40290K, committed 41280K, reserved 1114112K
  class space    used 4039K, committed 4480K, reserved 1048576K

Card table byte_map: [0x0000027f98b40000,0x0000027f98f50000] _byte_map_base: 0x0000027f98740000

Marking Bits: (ParMarkBitMap*) 0x00007fface553450
 Begin Bits: [0x0000027fab650000, 0x0000027fad650000)
 End Bits:   [0x0000027fad650000, 0x0000027faf650000)

Polling page: 0x0000027f96f90000

Metaspace:

Usage:
  Non-class:     35.40 MB used.
      Class:      3.94 MB used.
       Both:     39.35 MB used.

Virtual space:
  Non-class space:       64.00 MB reserved,      35.94 MB ( 56%) committed,  1 nodes.
      Class space:        1.00 GB reserved,       4.38 MB ( <1%) committed,  1 nodes.
             Both:        1.06 GB reserved,      40.31 MB (  4%) committed. 

Chunk freelists:
   Non-Class:  12.02 MB
       Class:  11.53 MB
        Both:  23.55 MB

MaxMetaspaceSize: unlimited
CompressedClassSpaceSize: 1.00 GB
Initial GC threshold: 21.00 MB
Current GC threshold: 58.38 MB
CDS: on
 - commit_granule_bytes: 65536.
 - commit_granule_words: 8192.
 - virtual_space_node_default_size: 8388608.
 - enlarge_chunks_in_place: 1.
 - use_allocation_guard: 0.


Internal statistics:

num_allocs_failed_limit: 6.
num_arena_births: 726.
num_arena_deaths: 14.
num_vsnodes_births: 2.
num_vsnodes_deaths: 0.
num_space_committed: 645.
num_space_uncommitted: 0.
num_chunks_returned_to_freelist: 20.
num_chunks_taken_from_freelist: 2321.
num_chunk_merges: 10.
num_chunk_splits: 1524.
num_chunks_enlarged: 1008.
num_inconsistent_stats: 0.

CodeHeap 'non-profiled nmethods': size=120000Kb used=3567Kb max_used=3609Kb free=116432Kb
 bounds [0x0000027fa3e70000, 0x0000027fa4200000, 0x0000027fab3a0000]
CodeHeap 'profiled nmethods': size=120000Kb used=12113Kb max_used=12113Kb free=107886Kb
 bounds [0x0000027f9c3a0000, 0x0000027f9cfc0000, 0x0000027fa38d0000]
CodeHeap 'non-nmethods': size=5760Kb used=1383Kb max_used=1403Kb free=4376Kb
 bounds [0x0000027fa38d0000, 0x0000027fa3b40000, 0x0000027fa3e70000]
CodeCache: size=245760Kb, used=17063Kb, max_used=17125Kb, free=228694Kb
 total_blobs=6377, nmethods=5690, adapters=593, full_count=0
Compilation: enabled, stopped_count=0, restarted_count=0

Compilation events (20 events):
Event: 57.250 Thread 0x0000027ff1f42a20 6154       2       com.google.gson.internal.LinkedTreeMap$EntrySet$1::next (5 bytes)
Event: 57.251 Thread 0x0000027ff1f42a20 nmethod 6154 0x0000027f9c568a90 code [0x0000027f9c568c40, 0x0000027f9c568d60]
Event: 57.251 Thread 0x0000027ff1f42a20 6155       2       com.google.gson.internal.LinkedTreeMap$LinkedTreeMapIterator::nextNode (61 bytes)
Event: 57.251 Thread 0x0000027ff1f42a20 nmethod 6155 0x0000027f9c433990 code [0x0000027f9c433b60, 0x0000027f9c433e48]
Event: 57.251 Thread 0x0000027ff1f42a20 6157       2       com.google.gson.internal.bind.JsonTreeReader::nextName (6 bytes)
Event: 57.251 Thread 0x0000027ff1f42a20 nmethod 6157 0x0000027f9c433610 code [0x0000027f9c4337c0, 0x0000027f9c4338e8]
Event: 57.251 Thread 0x0000027ff1f42a20 6158       2       com.google.gson.internal.bind.JsonTreeReader::nextName (71 bytes)
Event: 57.251 Thread 0x0000027ff1f42a20 nmethod 6158 0x0000027f9c432d90 code [0x0000027f9c432fa0, 0x0000027f9c4333a0]
Event: 57.251 Thread 0x0000027ff1f42a20 6160       2       com.google.gson.internal.bind.ObjectTypeAdapter::readTerminal (97 bytes)
Event: 57.251 Thread 0x0000027ff1f42a20 nmethod 6160 0x0000027f9c432210 code [0x0000027f9c432480, 0x0000027f9c4329d8]
Event: 57.251 Thread 0x0000027ff1f42a20 6161       2       com.google.gson.internal.LinkedTreeMap::replaceInParent (75 bytes)
Event: 57.252 Thread 0x0000027ff1f42a20 nmethod 6161 0x0000027f9c506e10 code [0x0000027f9c506fc0, 0x0000027f9c5071d8]
Event: 57.253 Thread 0x0000027ff1f42a20 6162       2       com.google.gson.internal.LinkedTreeMap::containsKey (14 bytes)
Event: 57.253 Thread 0x0000027ff1f42a20 nmethod 6162 0x0000027f9c506a10 code [0x0000027f9c506bc0, 0x0000027f9c506d38]
Event: 57.257 Thread 0x0000027ff1f42a20 6163       2       com.google.gson.stream.JsonReader::beginObject (40 bytes)
Event: 57.258 Thread 0x0000027ff1f42a20 nmethod 6163 0x0000027f9c506590 code [0x0000027f9c506760, 0x0000027f9c506920]
Event: 57.258 Thread 0x0000027ff1f42a20 6164       2       com.google.gson.stream.JsonReader::nextString (168 bytes)
Event: 57.258 Thread 0x0000027ff1f42a20 nmethod 6164 0x0000027f9c505e10 code [0x0000027f9c506020, 0x0000027f9c5063b8]
Event: 57.391 Thread 0x0000027ff1f42a20 6165   !   2       org.eclipse.core.internal.jobs.JobListeners::waitAndSendEvents (445 bytes)
Event: 58.346 Thread 0x0000027ff1f42a20 nmethod 6165 0x0000027f9c5f5790 code [0x0000027f9c5f5c40, 0x0000027f9c5f7040]

GC Heap History (20 events):
Event: 50.913 GC heap before
{Heap before GC invocations=26 (full 1):
 PSYoungGen      total 43008K, used 43008K [0x00000000d5580000, 0x00000000d9480000, 0x0000000100000000)
  eden space 42496K, 100% used [0x00000000d5580000,0x00000000d7f00000,0x00000000d7f00000)
  from space 512K, 100% used [0x00000000d8100000,0x00000000d8180000,0x00000000d8180000)
  to   space 2048K, 0% used [0x00000000d7f00000,0x00000000d7f00000,0x00000000d8100000)
 ParOldGen       total 68608K, used 25716K [0x0000000080000000, 0x0000000084300000, 0x00000000d5580000)
  object space 68608K, 37% used [0x0000000080000000,0x000000008191d360,0x0000000084300000)
 Metaspace       used 32231K, committed 33088K, reserved 1114112K
  class space    used 3196K, committed 3584K, reserved 1048576K
}
Event: 50.914 GC heap after
{Heap after GC invocations=26 (full 1):
 PSYoungGen      total 42496K, used 1024K [0x00000000d5580000, 0x00000000d8180000, 0x0000000100000000)
  eden space 41472K, 0% used [0x00000000d5580000,0x00000000d5580000,0x00000000d7e00000)
  from space 1024K, 100% used [0x00000000d7f00000,0x00000000d8000000,0x00000000d8000000)
  to   space 1536K, 0% used [0x00000000d8000000,0x00000000d8000000,0x00000000d8180000)
 ParOldGen       total 68608K, used 25892K [0x0000000080000000, 0x0000000084300000, 0x00000000d5580000)
  object space 68608K, 37% used [0x0000000080000000,0x0000000081949360,0x0000000084300000)
 Metaspace       used 32231K, committed 33088K, reserved 1114112K
  class space    used 3196K, committed 3584K, reserved 1048576K
}
Event: 52.558 GC heap before
{Heap before GC invocations=27 (full 1):
 PSYoungGen      total 42496K, used 42496K [0x00000000d5580000, 0x00000000d8180000, 0x0000000100000000)
  eden space 41472K, 100% used [0x00000000d5580000,0x00000000d7e00000,0x00000000d7e00000)
  from space 1024K, 100% used [0x00000000d7f00000,0x00000000d8000000,0x00000000d8000000)
  to   space 1536K, 0% used [0x00000000d8000000,0x00000000d8000000,0x00000000d8180000)
 ParOldGen       total 68608K, used 25892K [0x0000000080000000, 0x0000000084300000, 0x00000000d5580000)
  object space 68608K, 37% used [0x0000000080000000,0x0000000081949360,0x0000000084300000)
 Metaspace       used 33399K, committed 34304K, reserved 1114112K
  class space    used 3307K, committed 3712K, reserved 1048576K
}
Event: 52.570 GC heap after
{Heap after GC invocations=27 (full 1):
 PSYoungGen      total 41984K, used 1298K [0x00000000d5580000, 0x00000000d8180000, 0x0000000100000000)
  eden space 40448K, 0% used [0x00000000d5580000,0x00000000d5580000,0x00000000d7d00000)
  from space 1536K, 84% used [0x00000000d8000000,0x00000000d8144990,0x00000000d8180000)
  to   space 1536K, 0% used [0x00000000d7e80000,0x00000000d7e80000,0x00000000d8000000)
 ParOldGen       total 68608K, used 26692K [0x0000000080000000, 0x0000000084300000, 0x00000000d5580000)
  object space 68608K, 38% used [0x0000000080000000,0x0000000081a11360,0x0000000084300000)
 Metaspace       used 33399K, committed 34304K, reserved 1114112K
  class space    used 3307K, committed 3712K, reserved 1048576K
}
Event: 52.729 GC heap before
{Heap before GC invocations=28 (full 1):
 PSYoungGen      total 41984K, used 41746K [0x00000000d5580000, 0x00000000d8180000, 0x0000000100000000)
  eden space 40448K, 100% used [0x00000000d5580000,0x00000000d7d00000,0x00000000d7d00000)
  from space 1536K, 84% used [0x00000000d8000000,0x00000000d8144990,0x00000000d8180000)
  to   space 1536K, 0% used [0x00000000d7e80000,0x00000000d7e80000,0x00000000d8000000)
 ParOldGen       total 68608K, used 26692K [0x0000000080000000, 0x0000000084300000, 0x00000000d5580000)
  object space 68608K, 38% used [0x0000000080000000,0x0000000081a11360,0x0000000084300000)
 Metaspace       used 33557K, committed 34432K, reserved 1114112K
  class space    used 3323K, committed 3712K, reserved 1048576K
}
Event: 52.738 GC heap after
{Heap after GC invocations=28 (full 1):
 PSYoungGen      total 40960K, used 1526K [0x00000000d5580000, 0x00000000d9200000, 0x0000000100000000)
  eden space 39424K, 0% used [0x00000000d5580000,0x00000000d5580000,0x00000000d7c00000)
  from space 1536K, 99% used [0x00000000d7e80000,0x00000000d7ffd8b0,0x00000000d8000000)
  to   space 11264K, 0% used [0x00000000d8700000,0x00000000d8700000,0x00000000d9200000)
 ParOldGen       total 68608K, used 34955K [0x0000000080000000, 0x0000000084300000, 0x00000000d5580000)
  object space 68608K, 50% used [0x0000000080000000,0x0000000082222f30,0x0000000084300000)
 Metaspace       used 33557K, committed 34432K, reserved 1114112K
  class space    used 3323K, committed 3712K, reserved 1048576K
}
Event: 53.040 GC heap before
{Heap before GC invocations=29 (full 1):
 PSYoungGen      total 40960K, used 40950K [0x00000000d5580000, 0x00000000d9200000, 0x0000000100000000)
  eden space 39424K, 100% used [0x00000000d5580000,0x00000000d7c00000,0x00000000d7c00000)
  from space 1536K, 99% used [0x00000000d7e80000,0x00000000d7ffd8b0,0x00000000d8000000)
  to   space 11264K, 0% used [0x00000000d8700000,0x00000000d8700000,0x00000000d9200000)
 ParOldGen       total 68608K, used 34955K [0x0000000080000000, 0x0000000084300000, 0x00000000d5580000)
  object space 68608K, 50% used [0x0000000080000000,0x0000000082222f30,0x0000000084300000)
 Metaspace       used 33950K, committed 34816K, reserved 1114112K
  class space    used 3380K, committed 3776K, reserved 1048576K
}
Event: 53.046 GC heap after
{Heap after GC invocations=29 (full 1):
 PSYoungGen      total 44032K, used 5245K [0x00000000d5580000, 0x00000000d8c80000, 0x0000000100000000)
  eden space 38400K, 0% used [0x00000000d5580000,0x00000000d5580000,0x00000000d7b00000)
  from space 5632K, 93% used [0x00000000d8700000,0x00000000d8c1f5e8,0x00000000d8c80000)
  to   space 7168K, 0% used [0x00000000d7e80000,0x00000000d7e80000,0x00000000d8580000)
 ParOldGen       total 68608K, used 36005K [0x0000000080000000, 0x0000000084300000, 0x00000000d5580000)
  object space 68608K, 52% used [0x0000000080000000,0x0000000082329730,0x0000000084300000)
 Metaspace       used 33950K, committed 34816K, reserved 1114112K
  class space    used 3380K, committed 3776K, reserved 1048576K
}
Event: 53.210 GC heap before
{Heap before GC invocations=30 (full 1):
 PSYoungGen      total 44032K, used 43645K [0x00000000d5580000, 0x00000000d8c80000, 0x0000000100000000)
  eden space 38400K, 100% used [0x00000000d5580000,0x00000000d7b00000,0x00000000d7b00000)
  from space 5632K, 93% used [0x00000000d8700000,0x00000000d8c1f5e8,0x00000000d8c80000)
  to   space 7168K, 0% used [0x00000000d7e80000,0x00000000d7e80000,0x00000000d8580000)
 ParOldGen       total 68608K, used 36005K [0x0000000080000000, 0x0000000084300000, 0x00000000d5580000)
  object space 68608K, 52% used [0x0000000080000000,0x0000000082329730,0x0000000084300000)
 Metaspace       used 34015K, committed 34880K, reserved 1114112K
  class space    used 3390K, committed 3776K, reserved 1048576K
}
Event: 53.240 GC heap after
{Heap after GC invocations=30 (full 1):
 PSYoungGen      total 38912K, used 1408K [0x00000000d5580000, 0x00000000d8780000, 0x0000000100000000)
  eden space 37376K, 0% used [0x00000000d5580000,0x00000000d5580000,0x00000000d7a00000)
  from space 1536K, 91% used [0x00000000d7e80000,0x00000000d7fe0000,0x00000000d8000000)
  to   space 3584K, 0% used [0x00000000d8400000,0x00000000d8400000,0x00000000d8780000)
 ParOldGen       total 68608K, used 41157K [0x0000000080000000, 0x0000000084300000, 0x00000000d5580000)
  object space 68608K, 59% used [0x0000000080000000,0x00000000828316c8,0x0000000084300000)
 Metaspace       used 34015K, committed 34880K, reserved 1114112K
  class space    used 3390K, committed 3776K, reserved 1048576K
}
Event: 53.859 GC heap before
{Heap before GC invocations=31 (full 1):
 PSYoungGen      total 38912K, used 38784K [0x00000000d5580000, 0x00000000d8780000, 0x0000000100000000)
  eden space 37376K, 100% used [0x00000000d5580000,0x00000000d7a00000,0x00000000d7a00000)
  from space 1536K, 91% used [0x00000000d7e80000,0x00000000d7fe0000,0x00000000d8000000)
  to   space 3584K, 0% used [0x00000000d8400000,0x00000000d8400000,0x00000000d8780000)
 ParOldGen       total 68608K, used 41157K [0x0000000080000000, 0x0000000084300000, 0x00000000d5580000)
  object space 68608K, 59% used [0x0000000080000000,0x00000000828316c8,0x0000000084300000)
 Metaspace       used 34130K, committed 35008K, reserved 1114112K
  class space    used 3406K, committed 3776K, reserved 1048576K
}
Event: 53.890 GC heap after
{Heap after GC invocations=31 (full 1):
 PSYoungGen      total 39936K, used 3492K [0x00000000d5580000, 0x00000000d8780000, 0x0000000100000000)
  eden space 36352K, 0% used [0x00000000d5580000,0x00000000d5580000,0x00000000d7900000)
  from space 3584K, 97% used [0x00000000d8400000,0x00000000d8769010,0x00000000d8780000)
  to   space 4096K, 0% used [0x00000000d7f80000,0x00000000d7f80000,0x00000000d8380000)
 ParOldGen       total 68608K, used 42340K [0x0000000080000000, 0x0000000084300000, 0x00000000d5580000)
  object space 68608K, 61% used [0x0000000080000000,0x0000000082959078,0x0000000084300000)
 Metaspace       used 34130K, committed 35008K, reserved 1114112K
  class space    used 3406K, committed 3776K, reserved 1048576K
}
Event: 55.113 GC heap before
{Heap before GC invocations=32 (full 1):
 PSYoungGen      total 39936K, used 39585K [0x00000000d5580000, 0x00000000d8780000, 0x0000000100000000)
  eden space 36352K, 99% used [0x00000000d5580000,0x00000000d78bf540,0x00000000d7900000)
  from space 3584K, 97% used [0x00000000d8400000,0x00000000d8769010,0x00000000d8780000)
  to   space 4096K, 0% used [0x00000000d7f80000,0x00000000d7f80000,0x00000000d8380000)
 ParOldGen       total 68608K, used 42340K [0x0000000080000000, 0x0000000084300000, 0x00000000d5580000)
  object space 68608K, 61% used [0x0000000080000000,0x0000000082959078,0x0000000084300000)
 Metaspace       used 34917K, committed 35840K, reserved 1114112K
  class space    used 3519K, committed 3968K, reserved 1048576K
}
Event: 55.119 GC heap after
{Heap after GC invocations=32 (full 1):
 PSYoungGen      total 39424K, used 2845K [0x00000000d5580000, 0x00000000d8480000, 0x0000000100000000)
  eden space 36352K, 0% used [0x00000000d5580000,0x00000000d5580000,0x00000000d7900000)
  from space 3072K, 92% used [0x00000000d7f80000,0x00000000d82476a8,0x00000000d8280000)
  to   space 2048K, 0% used [0x00000000d8280000,0x00000000d8280000,0x00000000d8480000)
 ParOldGen       total 68608K, used 45661K [0x0000000080000000, 0x0000000084300000, 0x00000000d5580000)
  object space 68608K, 66% used [0x0000000080000000,0x0000000082c97600,0x0000000084300000)
 Metaspace       used 34917K, committed 35840K, reserved 1114112K
  class space    used 3519K, committed 3968K, reserved 1048576K
}
Event: 55.119 GC heap before
{Heap before GC invocations=33 (full 2):
 PSYoungGen      total 39424K, used 2845K [0x00000000d5580000, 0x00000000d8480000, 0x0000000100000000)
  eden space 36352K, 0% used [0x00000000d5580000,0x00000000d5580000,0x00000000d7900000)
  from space 3072K, 92% used [0x00000000d7f80000,0x00000000d82476a8,0x00000000d8280000)
  to   space 2048K, 0% used [0x00000000d8280000,0x00000000d8280000,0x00000000d8480000)
 ParOldGen       total 68608K, used 45661K [0x0000000080000000, 0x0000000084300000, 0x00000000d5580000)
  object space 68608K, 66% used [0x0000000080000000,0x0000000082c97600,0x0000000084300000)
 Metaspace       used 34917K, committed 35840K, reserved 1114112K
  class space    used 3519K, committed 3968K, reserved 1048576K
}
Event: 55.287 GC heap after
{Heap after GC invocations=33 (full 2):
 PSYoungGen      total 39424K, used 0K [0x00000000d5580000, 0x00000000d8480000, 0x0000000100000000)
  eden space 36352K, 0% used [0x00000000d5580000,0x00000000d5580000,0x00000000d7900000)
  from space 3072K, 0% used [0x00000000d7f80000,0x00000000d7f80000,0x00000000d8280000)
  to   space 2048K, 0% used [0x00000000d8280000,0x00000000d8280000,0x00000000d8480000)
 ParOldGen       total 68608K, used 34032K [0x0000000080000000, 0x0000000084300000, 0x00000000d5580000)
  object space 68608K, 49% used [0x0000000080000000,0x000000008213c000,0x0000000084300000)
 Metaspace       used 34917K, committed 35840K, reserved 1114112K
  class space    used 3519K, committed 3968K, reserved 1048576K
}
Event: 56.861 GC heap before
{Heap before GC invocations=34 (full 2):
 PSYoungGen      total 39424K, used 36352K [0x00000000d5580000, 0x00000000d8480000, 0x0000000100000000)
  eden space 36352K, 100% used [0x00000000d5580000,0x00000000d7900000,0x00000000d7900000)
  from space 3072K, 0% used [0x00000000d7f80000,0x00000000d7f80000,0x00000000d8280000)
  to   space 2048K, 0% used [0x00000000d8280000,0x00000000d8280000,0x00000000d8480000)
 ParOldGen       total 68608K, used 34032K [0x0000000080000000, 0x0000000084300000, 0x00000000d5580000)
  object space 68608K, 49% used [0x0000000080000000,0x000000008213c000,0x0000000084300000)
 Metaspace       used 37569K, committed 38528K, reserved 1114112K
  class space    used 3810K, committed 4224K, reserved 1048576K
}
Event: 56.863 GC heap after
{Heap after GC invocations=34 (full 2):
 PSYoungGen      total 36352K, used 856K [0x00000000d5580000, 0x00000000d8380000, 0x0000000100000000)
  eden space 35328K, 0% used [0x00000000d5580000,0x00000000d5580000,0x00000000d7800000)
  from space 1024K, 83% used [0x00000000d8280000,0x00000000d83562e8,0x00000000d8380000)
  to   space 2048K, 0% used [0x00000000d7f80000,0x00000000d7f80000,0x00000000d8180000)
 ParOldGen       total 68608K, used 34040K [0x0000000080000000, 0x0000000084300000, 0x00000000d5580000)
  object space 68608K, 49% used [0x0000000080000000,0x000000008213e000,0x0000000084300000)
 Metaspace       used 37569K, committed 38528K, reserved 1114112K
  class space    used 3810K, committed 4224K, reserved 1048576K
}
Event: 57.001 GC heap before
{Heap before GC invocations=35 (full 2):
 PSYoungGen      total 36352K, used 36184K [0x00000000d5580000, 0x00000000d8380000, 0x0000000100000000)
  eden space 35328K, 100% used [0x00000000d5580000,0x00000000d7800000,0x00000000d7800000)
  from space 1024K, 83% used [0x00000000d8280000,0x00000000d83562e8,0x00000000d8380000)
  to   space 2048K, 0% used [0x00000000d7f80000,0x00000000d7f80000,0x00000000d8180000)
 ParOldGen       total 68608K, used 34040K [0x0000000080000000, 0x0000000084300000, 0x00000000d5580000)
  object space 68608K, 49% used [0x0000000080000000,0x000000008213e000,0x0000000084300000)
 Metaspace       used 38304K, committed 39296K, reserved 1114112K
  class space    used 3857K, committed 4288K, reserved 1048576K
}
Event: 57.003 GC heap after
{Heap after GC invocations=35 (full 2):
 PSYoungGen      total 36352K, used 1887K [0x00000000d5580000, 0x00000000d8300000, 0x0000000100000000)
  eden space 34304K, 0% used [0x00000000d5580000,0x00000000d5580000,0x00000000d7700000)
  from space 2048K, 92% used [0x00000000d7f80000,0x00000000d8157e70,0x00000000d8180000)
  to   space 1536K, 0% used [0x00000000d8180000,0x00000000d8180000,0x00000000d8300000)
 ParOldGen       total 68608K, used 34790K [0x0000000080000000, 0x0000000084300000, 0x00000000d5580000)
  object space 68608K, 50% used [0x0000000080000000,0x00000000821f9b48,0x0000000084300000)
 Metaspace       used 38304K, committed 39296K, reserved 1114112K
  class space    used 3857K, committed 4288K, reserved 1048576K
}

Dll operation events (12 events):
Event: 0.433 Loaded shared library c:\Users\prati\.cursor\extensions\redhat.java-1.54.0-win32-x64\jre\21.0.10-win32-x86_64\bin\java.dll
Event: 0.721 Loaded shared library c:\Users\prati\.cursor\extensions\redhat.java-1.54.0-win32-x64\jre\21.0.10-win32-x86_64\bin\zip.dll
Event: 0.756 Loaded shared library C:\Users\prati\.cursor\extensions\redhat.java-1.54.0-win32-x64\jre\21.0.10-win32-x86_64\bin\instrument.dll
Event: 0.868 Loaded shared library C:\Users\prati\.cursor\extensions\redhat.java-1.54.0-win32-x64\jre\21.0.10-win32-x86_64\bin\net.dll
Event: 0.965 Loaded shared library C:\Users\prati\.cursor\extensions\redhat.java-1.54.0-win32-x64\jre\21.0.10-win32-x86_64\bin\nio.dll
Event: 0.974 Loaded shared library C:\Users\prati\.cursor\extensions\redhat.java-1.54.0-win32-x64\jre\21.0.10-win32-x86_64\bin\zip.dll
Event: 1.014 Loaded shared library C:\Users\prati\.cursor\extensions\redhat.java-1.54.0-win32-x64\jre\21.0.10-win32-x86_64\bin\jimage.dll
Event: 1.181 Loaded shared library c:\Users\prati\.cursor\extensions\redhat.java-1.54.0-win32-x64\jre\21.0.10-win32-x86_64\bin\verify.dll
Event: 17.426 Loaded shared library C:\Users\prati\AppData\Roaming\Cursor\User\globalStorage\redhat.java\1.54.0\config_ss_win\org.eclipse.equinox.launcher\org.eclipse.equinox.launcher.win32.win32.x86_64_1.3.0.v20260203-2149\eclipse_11919.dll
Event: 20.497 Loaded shared library C:\Users\prati\.cursor\extensions\redhat.java-1.54.0-win32-x64\jre\21.0.10-win32-x86_64\bin\management.dll
Event: 20.609 Loaded shared library C:\Users\prati\.cursor\extensions\redhat.java-1.54.0-win32-x64\jre\21.0.10-win32-x86_64\bin\management_ext.dll
Event: 27.008 Loaded shared library C:\Users\prati\AppData\Local\Temp\jna-106927444\jna14013575017754592707.dll

Deoptimization events (20 events):
Event: 56.951 Thread 0x0000027ff7ff65f0 Uncommon trap: trap_request=0xffffffde fr.pc=0x0000027fa3fd1304 relative=0x00000000000070e4
Event: 56.951 Thread 0x0000027ff7ff65f0 Uncommon trap: reason=class_check action=maybe_recompile pc=0x0000027fa3fd1304 method=lombok.patcher.PatchScript$MethodPatcher.visitMethod(ILjava/lang/String;Ljava/lang/String;Ljava/lang/String;[Ljava/lang/String;)Lorg/lombokweb/asm/MethodVisitor; @ 101 c
Event: 56.951 Thread 0x0000027ff7ff65f0 DEOPT PACKING pc=0x0000027fa3fd1304 sp=0x000000b40b2f9c80
Event: 56.951 Thread 0x0000027ff7ff65f0 DEOPT UNPACKING pc=0x0000027fa3923aa2 sp=0x000000b40b2f9be8 mode 2
Event: 57.239 Thread 0x0000027ff7ff65f0 Uncommon trap: trap_request=0xffffff45 fr.pc=0x0000027fa41f5334 relative=0x0000000000000094
Event: 57.239 Thread 0x0000027ff7ff65f0 Uncommon trap: reason=unstable_if action=reinterpret pc=0x0000027fa41f5334 method=org.eclipse.core.internal.events.ResourceComparator.compare(Ljava/lang/Object;Ljava/lang/Object;)I @ 10 c2
Event: 57.240 Thread 0x0000027ff7ff65f0 DEOPT PACKING pc=0x0000027fa41f5334 sp=0x000000b40b2fe900
Event: 57.240 Thread 0x0000027ff7ff65f0 DEOPT UNPACKING pc=0x0000027fa3923aa2 sp=0x000000b40b2fe898 mode 2
Event: 57.240 Thread 0x0000027ff7ff65f0 Uncommon trap: trap_request=0xffffffde fr.pc=0x0000027fa416a32c relative=0x000000000000074c
Event: 57.240 Thread 0x0000027ff7ff65f0 Uncommon trap: reason=class_check action=maybe_recompile pc=0x0000027fa416a32c method=org.eclipse.core.internal.dtree.DeltaDataTree.getData(Lorg/eclipse/core/runtime/IPath;)Ljava/lang/Object; @ 20 c2
Event: 57.240 Thread 0x0000027ff7ff65f0 DEOPT PACKING pc=0x0000027fa416a32c sp=0x000000b40b2fe810
Event: 57.240 Thread 0x0000027ff7ff65f0 DEOPT UNPACKING pc=0x0000027fa3923aa2 sp=0x000000b40b2fe7c8 mode 2
Event: 57.240 Thread 0x0000027ff7ff65f0 Uncommon trap: trap_request=0xffffff45 fr.pc=0x0000027fa4170f58 relative=0x0000000000001e78
Event: 57.240 Thread 0x0000027ff7ff65f0 Uncommon trap: reason=unstable_if action=reinterpret pc=0x0000027fa4170f58 method=org.eclipse.core.internal.events.ResourceDeltaFactory.createDelta(Lorg/eclipse/core/internal/resources/Workspace;Lorg/eclipse/core/internal/dtree/DeltaDataTree;Lorg/eclipse/
Event: 57.240 Thread 0x0000027ff7ff65f0 DEOPT PACKING pc=0x0000027fa4170f58 sp=0x000000b40b2fe660
Event: 57.240 Thread 0x0000027ff7ff65f0 DEOPT UNPACKING pc=0x0000027fa3923aa2 sp=0x000000b40b2fe670 mode 2
Event: 57.240 Thread 0x0000027ff7ff65f0 Uncommon trap: trap_request=0xffffff45 fr.pc=0x0000027fa4176294 relative=0x00000000000001f4
Event: 57.240 Thread 0x0000027ff7ff65f0 Uncommon trap: reason=unstable_if action=reinterpret pc=0x0000027fa4176294 method=org.eclipse.core.internal.events.ResourceDelta.fixMovesAndMarkers(Lorg/eclipse/core/internal/watson/ElementTree;)V @ 17 c2
Event: 57.240 Thread 0x0000027ff7ff65f0 DEOPT PACKING pc=0x0000027fa4176294 sp=0x000000b40b2fe700
Event: 57.240 Thread 0x0000027ff7ff65f0 DEOPT UNPACKING pc=0x0000027fa3923aa2 sp=0x000000b40b2fe6a8 mode 2

Classes loaded (20 events):
Event: 53.363 Loading class java/util/stream/Nodes$AbstractConcNode done
Event: 53.363 Loading class java/util/stream/Nodes$ConcNode done
Event: 54.825 Loading class sun/nio/cs/ThreadLocalCoders
Event: 54.828 Loading class sun/nio/cs/ThreadLocalCoders done
Event: 54.828 Loading class sun/nio/cs/ThreadLocalCoders$1
Event: 54.831 Loading class sun/nio/cs/ThreadLocalCoders$Cache
Event: 54.832 Loading class sun/nio/cs/ThreadLocalCoders$Cache done
Event: 54.832 Loading class sun/nio/cs/ThreadLocalCoders$1 done
Event: 54.832 Loading class sun/nio/cs/ThreadLocalCoders$2
Event: 54.835 Loading class sun/nio/cs/ThreadLocalCoders$2 done
Event: 55.000 Loading class java/lang/ExceptionInInitializerError
Event: 55.001 Loading class java/lang/ExceptionInInitializerError done
Event: 55.483 Loading class sun/misc/Unsafe
Event: 55.484 Loading class sun/misc/Unsafe done
Event: 56.472 Loading class java/util/Vector$1
Event: 56.472 Loading class java/util/Vector$1 done
Event: 56.803 Loading class java/util/regex/Pattern$Caret
Event: 56.803 Loading class java/util/regex/Pattern$Caret done
Event: 57.111 Loading class java/util/Hashtable$ValueCollection
Event: 57.111 Loading class java/util/Hashtable$ValueCollection done

Classes unloaded (7 events):
Event: 22.414 Thread 0x0000027f99246e70 Unloading class 0x0000027fb11a1000 'java/lang/invoke/LambdaForm$MH+0x0000027fb11a1000'
Event: 22.414 Thread 0x0000027f99246e70 Unloading class 0x0000027fb11a0c00 'java/lang/invoke/LambdaForm$MH+0x0000027fb11a0c00'
Event: 22.414 Thread 0x0000027f99246e70 Unloading class 0x0000027fb11a0800 'java/lang/invoke/LambdaForm$MH+0x0000027fb11a0800'
Event: 22.414 Thread 0x0000027f99246e70 Unloading class 0x0000027fb11a0400 'java/lang/invoke/LambdaForm$MH+0x0000027fb11a0400'
Event: 22.414 Thread 0x0000027f99246e70 Unloading class 0x0000027fb11a0000 'java/lang/invoke/LambdaForm$BMH+0x0000027fb11a0000'
Event: 22.414 Thread 0x0000027f99246e70 Unloading class 0x0000027fb119fc00 'java/lang/invoke/LambdaForm$DMH+0x0000027fb119fc00'
Event: 22.414 Thread 0x0000027f99246e70 Unloading class 0x0000027fb119e800 'java/lang/invoke/LambdaForm$DMH+0x0000027fb119e800'

Classes redefined (0 events):
No events

Internal exceptions (20 events):
Event: 52.551 Thread 0x0000027ff7ff65f0 Exception <a 'java/lang/NoSuchMethodError'{0x00000000d7dcd2f0}: 'int java.lang.invoke.DirectMethodHandle$Holder.invokeVirtual(java.lang.Object, java.lang.Object, java.lang.Object)'> (0x00000000d7dcd2f0) 
thrown [s\src\hotspot\share\interpreter\linkResolver.cpp, line 773]
Event: 52.552 Thread 0x0000027ff7ff65f0 Exception <a 'java/lang/NoSuchMethodError'{0x00000000d7dd1900}: 'int java.lang.invoke.DirectMethodHandle$Holder.invokeStaticInit(java.lang.Object, int, int)'> (0x00000000d7dd1900) 
thrown [s\src\hotspot\share\interpreter\linkResolver.cpp, line 773]
Event: 52.553 Thread 0x0000027ff7ff65f0 Exception <a 'java/lang/NoSuchMethodError'{0x00000000d7dd90a8}: 'int java.lang.invoke.DirectMethodHandle$Holder.invokeStaticInit(java.lang.Object, long, long)'> (0x00000000d7dd90a8) 
thrown [s\src\hotspot\share\interpreter\linkResolver.cpp, line 773]
Event: 52.554 Thread 0x0000027ff7ff65f0 Exception <a 'java/lang/NoSuchMethodError'{0x00000000d7ddfdf0}: 'int java.lang.invoke.DirectMethodHandle$Holder.invokeStaticInit(java.lang.Object, float, float)'> (0x00000000d7ddfdf0) 
thrown [s\src\hotspot\share\interpreter\linkResolver.cpp, line 773]
Event: 52.555 Thread 0x0000027ff7ff65f0 Exception <a 'java/lang/NoSuchMethodError'{0x00000000d7de6b30}: 'int java.lang.invoke.DirectMethodHandle$Holder.invokeStaticInit(java.lang.Object, double, double)'> (0x00000000d7de6b30) 
thrown [s\src\hotspot\share\interpreter\linkResolver.cpp, line 773]
Event: 52.555 Thread 0x0000027ff7ff65f0 Exception <a 'java/lang/NoSuchMethodError'{0x00000000d7deb380}: 'int java.lang.invoke.DirectMethodHandle$Holder.invokeStatic(java.lang.Object, long)'> (0x00000000d7deb380) 
thrown [s\src\hotspot\share\interpreter\linkResolver.cpp, line 773]
Event: 52.557 Thread 0x0000027ff7ff65f0 Exception <a 'java/lang/NoSuchMethodError'{0x00000000d7dfc7e8}: 'int java.lang.invoke.DirectMethodHandle$Holder.invokeSpecial(java.lang.Object, java.lang.Object, int, int)'> (0x00000000d7dfc7e8) 
thrown [s\src\hotspot\share\interpreter\linkResolver.cpp, line 773]
Event: 52.572 Thread 0x0000027ff7ff65f0 Exception <a 'java/lang/NoSuchMethodError'{0x00000000d558ab48}: 'int java.lang.invoke.Invokers$Holder.linkToTargetMethod(java.lang.Object, java.lang.Object)'> (0x00000000d558ab48) 
thrown [s\src\hotspot\share\interpreter\linkResolver.cpp, line 773]
Event: 52.926 Thread 0x0000027ff7ff3e90 Exception <a 'sun/nio/fs/WindowsException'{0x00000000d5c26368}> (0x00000000d5c26368) 
thrown [s\src\hotspot\share\prims\jni.cpp, line 520]
Event: 52.932 Thread 0x0000027ff7ff3e90 Exception <a 'sun/nio/fs/WindowsException'{0x00000000d60fbaa0}> (0x00000000d60fbaa0) 
thrown [s\src\hotspot\share\prims\jni.cpp, line 520]
Event: 52.936 Thread 0x0000027ff7ff3e90 Implicit null exception at 0x0000027fa40e250a to 0x0000027fa40e34c8
Event: 52.938 Thread 0x0000027ff7ff3e90 Exception <a 'java/io/FileNotFoundException'{0x00000000d625b168}> (0x00000000d625b168) 
thrown [s\src\hotspot\share\prims\jni.cpp, line 520]
Event: 52.958 Thread 0x0000027ff7ff3e90 Implicit null exception at 0x0000027fa40ddb9d to 0x0000027fa40ddc72
Event: 52.966 Thread 0x0000027ff7ff3e90 Exception <a 'java/io/FileNotFoundException'{0x00000000d66d82b0}> (0x00000000d66d82b0) 
thrown [s\src\hotspot\share\prims\jni.cpp, line 520]
Event: 52.967 Thread 0x0000027ff7ff3e90 Implicit null exception at 0x0000027fa4101d07 to 0x0000027fa4101f8c
Event: 52.970 Thread 0x0000027ff7ff3e90 Exception <a 'java/io/FileNotFoundException'{0x00000000d66d92b0}> (0x00000000d66d92b0) 
thrown [s\src\hotspot\share\prims\jni.cpp, line 520]
Event: 52.971 Thread 0x0000027ff7ff3e90 Exception <a 'java/io/FileNotFoundException'{0x00000000d66da020}> (0x00000000d66da020) 
thrown [s\src\hotspot\share\prims\jni.cpp, line 520]
Event: 53.845 Thread 0x0000027ff7ff3e90 Exception <a 'java/lang/NoSuchMethodError'{0x00000000d784ee80}: 'java.lang.Object java.lang.invoke.DirectMethodHandle$Holder.newInvokeSpecial(java.lang.Object, java.lang.Object, java.lang.Object, java.lang.Object, java.lang.Object, java.lang.Object, java.lang.Object, java.lang.Object)'> (0x00000000d784ee80) 
thrown [s\src\hotspot\share\interpreter\linkResolver.cpp, line 773]
Event: 55.493 Thread 0x0000027ff7ff65f0 Exception <a 'java/lang/NoSuchMethodError'{0x00000000d59ded38}: 'java.lang.Object java.lang.invoke.DirectMethodHandle$Holder.invokeVirtual(java.lang.Object, java.lang.Object, int)'> (0x00000000d59ded38) 
thrown [s\src\hotspot\share\interpreter\linkResolver.cpp, line 773]
Event: 56.752 Thread 0x0000027ff7ff65f0 Implicit null exception at 0x0000027fa405779e to 0x0000027fa405831c

ZGC Phase Switch (0 events):
No events

VM Operations (20 events):
Event: 52.738 Executing safepoint VM operation: ParallelGCFailedAllocation (Allocation Failure) done
Event: 53.039 Executing safepoint VM operation: ParallelGCFailedAllocation (Allocation Failure)
Event: 53.046 Executing safepoint VM operation: ParallelGCFailedAllocation (Allocation Failure) done
Event: 53.208 Executing safepoint VM operation: ParallelGCFailedAllocation (Allocation Failure)
Event: 53.240 Executing safepoint VM operation: ParallelGCFailedAllocation (Allocation Failure) done
Event: 53.859 Executing safepoint VM operation: ParallelGCFailedAllocation (Allocation Failure)
Event: 53.890 Executing safepoint VM operation: ParallelGCFailedAllocation (Allocation Failure) done
Event: 54.905 Executing safepoint VM operation: Cleanup
Event: 54.905 Executing safepoint VM operation: Cleanup done
Event: 55.113 Executing safepoint VM operation: CollectForMetadataAllocation (Metadata GC Threshold)
Event: 55.287 Executing safepoint VM operation: CollectForMetadataAllocation (Metadata GC Threshold) done
Event: 55.605 Executing non-safepoint VM operation: HandshakeAllThreads (Deoptimize)
Event: 55.605 Executing non-safepoint VM operation: HandshakeAllThreads (Deoptimize) done
Event: 56.605 Executing safepoint VM operation: Cleanup
Event: 56.606 Executing safepoint VM operation: Cleanup done
Event: 56.861 Executing safepoint VM operation: ParallelGCFailedAllocation (Allocation Failure)
Event: 56.863 Executing safepoint VM operation: ParallelGCFailedAllocation (Allocation Failure) done
Event: 57.001 Executing safepoint VM operation: ParallelGCFailedAllocation (Allocation Failure)
Event: 57.003 Executing safepoint VM operation: ParallelGCFailedAllocation (Allocation Failure) done
Event: 58.003 Executing safepoint VM operation: Cleanup

Memory protections (0 events):
No events

Nmethod flushes (20 events):
Event: 55.249 Thread 0x0000027f99246e70 flushing  nmethod 0x0000027f9c8c1390
Event: 55.249 Thread 0x0000027f99246e70 flushing  nmethod 0x0000027f9c8c8310
Event: 55.249 Thread 0x0000027f99246e70 flushing  nmethod 0x0000027f9c8d0010
Event: 55.249 Thread 0x0000027f99246e70 flushing  nmethod 0x0000027f9c8ec510
Event: 55.249 Thread 0x0000027f99246e70 flushing  nmethod 0x0000027f9c8fbb90
Event: 55.249 Thread 0x0000027f99246e70 flushing  nmethod 0x0000027f9c8fdf10
Event: 55.249 Thread 0x0000027f99246e70 flushing  nmethod 0x0000027f9c92b410
Event: 55.250 Thread 0x0000027f99246e70 flushing  nmethod 0x0000027f9c94a790
Event: 55.250 Thread 0x0000027f99246e70 flushing  nmethod 0x0000027f9c94bf90
Event: 55.250 Thread 0x0000027f99246e70 flushing  nmethod 0x0000027f9c977b10
Event: 55.250 Thread 0x0000027f99246e70 flushing  nmethod 0x0000027f9c97d410
Event: 55.250 Thread 0x0000027f99246e70 flushing  nmethod 0x0000027f9c9bc110
Event: 55.250 Thread 0x0000027f99246e70 flushing  nmethod 0x0000027f9c9bcd10
Event: 55.250 Thread 0x0000027f99246e70 flushing  nmethod 0x0000027f9c9bd990
Event: 55.250 Thread 0x0000027f99246e70 flushing  nmethod 0x0000027f9ca34810
Event: 55.250 Thread 0x0000027f99246e70 flushing  nmethod 0x0000027f9ca35210
Event: 55.250 Thread 0x0000027f99246e70 flushing  nmethod 0x0000027f9ca3a010
Event: 55.250 Thread 0x0000027f99246e70 flushing  nmethod 0x0000027f9ca5d210
Event: 55.250 Thread 0x0000027f99246e70 flushing  nmethod 0x0000027f9ca5d610
Event: 55.250 Thread 0x0000027f99246e70 flushing  nmethod 0x0000027f9ca74010

Events (20 events):
Event: 27.260 Thread 0x0000027f991b0460 Thread added: 0x0000027ff7ff86c0
Event: 27.260 Thread 0x0000027f991b0460 Thread added: 0x0000027ff7ff5240
Event: 27.568 Thread 0x0000027ff77f3f70 Thread exited: 0x0000027ff77f3f70
Event: 27.568 Thread 0x0000027ff2198b00 Thread exited: 0x0000027ff2198b00
Event: 27.568 Thread 0x0000027ff219b260 Thread exited: 0x0000027ff219b260
Event: 27.569 Thread 0x0000027ff77f6d60 Thread exited: 0x0000027ff77f6d60
Event: 27.569 Thread 0x0000027ff77f66d0 Thread exited: 0x0000027ff77f66d0
Event: 27.569 Thread 0x0000027ff77f4600 Thread exited: 0x0000027ff77f4600
Event: 27.585 Thread 0x0000027ff2199190 Thread exited: 0x0000027ff2199190
Event: 27.585 Thread 0x0000027ff77f6040 Thread exited: 0x0000027ff77f6040
Event: 27.585 Thread 0x0000027ff219b8f0 Thread exited: 0x0000027ff219b8f0
Event: 27.585 Thread 0x0000027ff2199820 Thread exited: 0x0000027ff2199820
Event: 27.586 Thread 0x0000027ff2198470 Thread exited: 0x0000027ff2198470
Event: 27.586 Thread 0x0000027ff77f73f0 Thread exited: 0x0000027ff77f73f0
Event: 27.660 Thread 0x0000027f991b0460 Thread added: 0x0000027ff7ff58d0
Event: 28.169 Thread 0x0000027f991b0460 Thread added: 0x0000027ff7ff5f60
Event: 28.170 Thread 0x0000027f991b0460 Thread added: 0x0000027ff7ff65f0
Event: 52.939 Thread 0x0000027ff7ff3800 Thread added: 0x0000027ff77f6040
Event: 53.263 Thread 0x0000027ff7ff3e90 Thread added: 0x0000027ff77f6d60
Event: 53.366 Thread 0x0000027ff77f6d60 Thread exited: 0x0000027ff77f6d60


Dynamic libraries:
0x00007ff707560000 - 0x00007ff70756e000 	c:\Users\prati\.cursor\extensions\redhat.java-1.54.0-win32-x64\jre\21.0.10-win32-x86_64\bin\java.exe
0x00007ffb6b9c0000 - 0x00007ffb6bc26000 	C:\WINDOWS\SYSTEM32\ntdll.dll
0x00007ffb6ae70000 - 0x00007ffb6af39000 	C:\WINDOWS\System32\KERNEL32.DLL
0x00007ffb69330000 - 0x00007ffb6972a000 	C:\WINDOWS\System32\KERNELBASE.dll
0x00007ffb65c60000 - 0x00007ffb65d00000 	C:\WINDOWS\SYSTEM32\apphelp.dll
0x00007ffb691e0000 - 0x00007ffb6932c000 	C:\WINDOWS\System32\ucrtbase.dll
0x00007ffb61ec0000 - 0x00007ffb61ede000 	c:\Users\prati\.cursor\extensions\redhat.java-1.54.0-win32-x64\jre\21.0.10-win32-x86_64\bin\VCRUNTIME140.dll
0x00007ffb49b10000 - 0x00007ffb49b28000 	c:\Users\prati\.cursor\extensions\redhat.java-1.54.0-win32-x64\jre\21.0.10-win32-x86_64\bin\jli.dll
0x00007ffb6a010000 - 0x00007ffb6a1d7000 	C:\WINDOWS\System32\USER32.dll
0x00007ffb4eaf0000 - 0x00007ffb4ed82000 	C:\WINDOWS\WinSxS\amd64_microsoft.windows.common-controls_6595b64144ccf1df_6.0.26100.8521_none_3e08b75ce33403b3\COMCTL32.dll
0x00007ffb691b0000 - 0x00007ffb691d7000 	C:\WINDOWS\System32\win32u.dll
0x00007ffb6b7f0000 - 0x00007ffb6b81b000 	C:\WINDOWS\System32\GDI32.dll
0x00007ffb68d10000 - 0x00007ffb68e3b000 	C:\WINDOWS\System32\gdi32full.dll
0x00007ffb69890000 - 0x00007ffb69939000 	C:\WINDOWS\System32\msvcrt.dll
0x00007ffb69100000 - 0x00007ffb691a3000 	C:\WINDOWS\System32\msvcp_win.dll
0x00007ffb69dd0000 - 0x00007ffb69e02000 	C:\WINDOWS\System32\IMM32.DLL
0x00007ffb637b0000 - 0x00007ffb637bc000 	c:\Users\prati\.cursor\extensions\redhat.java-1.54.0-win32-x64\jre\21.0.10-win32-x86_64\bin\vcruntime140_1.dll
0x00007ffafffd0000 - 0x00007ffb0005d000 	c:\Users\prati\.cursor\extensions\redhat.java-1.54.0-win32-x64\jre\21.0.10-win32-x86_64\bin\msvcp140.dll
0x00007ffacd890000 - 0x00007fface631000 	c:\Users\prati\.cursor\extensions\redhat.java-1.54.0-win32-x64\jre\21.0.10-win32-x86_64\bin\server\jvm.dll
0x00007ffb6b4b0000 - 0x00007ffb6b566000 	C:\WINDOWS\System32\ADVAPI32.dll
0x00007ffb6b740000 - 0x00007ffb6b7ea000 	C:\WINDOWS\System32\sechost.dll
0x00007ffb6af40000 - 0x00007ffb6b058000 	C:\WINDOWS\System32\RPCRT4.dll
0x00007ffb69f80000 - 0x00007ffb6a000000 	C:\WINDOWS\System32\WS2_32.dll
0x00007ffb68ab0000 - 0x00007ffb68b0e000 	C:\WINDOWS\SYSTEM32\POWRPROF.dll
0x00007ffb61740000 - 0x00007ffb61776000 	C:\WINDOWS\SYSTEM32\WINMM.dll
0x00007ffb62db0000 - 0x00007ffb62dbb000 	C:\WINDOWS\SYSTEM32\VERSION.dll
0x00007ffb68a90000 - 0x00007ffb68aa4000 	C:\WINDOWS\SYSTEM32\UMPDC.dll
0x00007ffb679c0000 - 0x00007ffb679db000 	C:\WINDOWS\SYSTEM32\kernel.appcore.dll
0x00007ffb61e60000 - 0x00007ffb61e6a000 	c:\Users\prati\.cursor\extensions\redhat.java-1.54.0-win32-x64\jre\21.0.10-win32-x86_64\bin\jimage.dll
0x00007ffb5dc60000 - 0x00007ffb5dea2000 	C:\WINDOWS\SYSTEM32\DBGHELP.DLL
0x00007ffb6b120000 - 0x00007ffb6b4a3000 	C:\WINDOWS\System32\combase.dll
0x00007ffb6a560000 - 0x00007ffb6a639000 	C:\WINDOWS\System32\OLEAUT32.dll
0x00007ffb4dd10000 - 0x00007ffb4dd4b000 	C:\WINDOWS\SYSTEM32\dbgcore.DLL
0x00007ffb68fc0000 - 0x00007ffb69068000 	C:\WINDOWS\System32\bcryptPrimitives.dll
0x00007ffb51a80000 - 0x00007ffb51a8f000 	c:\Users\prati\.cursor\extensions\redhat.java-1.54.0-win32-x64\jre\21.0.10-win32-x86_64\bin\instrument.dll
0x00007ffb474a0000 - 0x00007ffb474c0000 	c:\Users\prati\.cursor\extensions\redhat.java-1.54.0-win32-x64\jre\21.0.10-win32-x86_64\bin\java.dll
0x00007ffb6a6d0000 - 0x00007ffb6ae54000 	C:\WINDOWS\System32\SHELL32.dll
0x00007ffb667f0000 - 0x00007ffb67070000 	C:\WINDOWS\SYSTEM32\windows.storage.dll
0x00007ffb6b570000 - 0x00007ffb6b666000 	C:\WINDOWS\System32\SHCORE.dll
0x00007ffb6b6d0000 - 0x00007ffb6b737000 	C:\WINDOWS\System32\shlwapi.dll
0x00007ffb68b70000 - 0x00007ffb68b99000 	C:\WINDOWS\SYSTEM32\profapi.dll
0x00007ffb47480000 - 0x00007ffb47498000 	c:\Users\prati\.cursor\extensions\redhat.java-1.54.0-win32-x64\jre\21.0.10-win32-x86_64\bin\zip.dll
0x00007ffb47470000 - 0x00007ffb47480000 	C:\Users\prati\.cursor\extensions\redhat.java-1.54.0-win32-x64\jre\21.0.10-win32-x86_64\bin\net.dll
0x00007ffb62150000 - 0x00007ffb62279000 	C:\WINDOWS\SYSTEM32\WINHTTP.dll
0x00007ffb67f50000 - 0x00007ffb67fbc000 	C:\WINDOWS\system32\mswsock.dll
0x00007ffb46c90000 - 0x00007ffb46ca6000 	C:\Users\prati\.cursor\extensions\redhat.java-1.54.0-win32-x64\jre\21.0.10-win32-x86_64\bin\nio.dll
0x00007ffb46c80000 - 0x00007ffb46c90000 	c:\Users\prati\.cursor\extensions\redhat.java-1.54.0-win32-x64\jre\21.0.10-win32-x86_64\bin\verify.dll
0x00007ffb03180000 - 0x00007ffb031c5000 	C:\Users\prati\AppData\Roaming\Cursor\User\globalStorage\redhat.java\1.54.0\config_ss_win\org.eclipse.equinox.launcher\org.eclipse.equinox.launcher.win32.win32.x86_64_1.3.0.v20260203-2149\eclipse_11919.dll
0x00007ffb6a1e0000 - 0x00007ffb6a378000 	C:\WINDOWS\System32\ole32.dll
0x00007ffb51aa0000 - 0x00007ffb51aaa000 	C:\Users\prati\.cursor\extensions\redhat.java-1.54.0-win32-x64\jre\21.0.10-win32-x86_64\bin\management.dll
0x00007ffb51a90000 - 0x00007ffb51a9c000 	C:\Users\prati\.cursor\extensions\redhat.java-1.54.0-win32-x64\jre\21.0.10-win32-x86_64\bin\management_ext.dll
0x00007ffb69f70000 - 0x00007ffb69f78000 	C:\WINDOWS\System32\PSAPI.DLL
0x00007ffb68230000 - 0x00007ffb6824b000 	C:\WINDOWS\SYSTEM32\CRYPTSP.dll
0x00007ffb67920000 - 0x00007ffb67959000 	C:\WINDOWS\system32\rsaenh.dll
0x00007ffb68000000 - 0x00007ffb68033000 	C:\WINDOWS\SYSTEM32\USERENV.dll
0x00007ffb68b40000 - 0x00007ffb68b6a000 	C:\WINDOWS\SYSTEM32\bcrypt.dll
0x00007ffb68250000 - 0x00007ffb6825c000 	C:\WINDOWS\SYSTEM32\CRYPTBASE.dll
0x00007ffb67390000 - 0x00007ffb673c3000 	C:\WINDOWS\SYSTEM32\IPHLPAPI.DLL
0x00007ffb6ae60000 - 0x00007ffb6ae6a000 	C:\WINDOWS\System32\NSI.dll
0x00007ffafff80000 - 0x00007ffafffc9000 	C:\Users\prati\AppData\Local\Temp\jna-106927444\jna14013575017754592707.dll
0x00007ffb62dc0000 - 0x00007ffb62ddd000 	C:\WINDOWS\SYSTEM32\dhcpcsvc6.DLL
0x00007ffb62930000 - 0x00007ffb62955000 	C:\WINDOWS\SYSTEM32\dhcpcsvc.DLL

JVMTI agents:
c:\Users\prati\.cursor\extensions\redhat.java-1.54.0-win32-x64\lombok\lombok-1.18.39-4050.jar path:c:\Users\prati\.cursor\extensions\redhat.java-1.54.0-win32-x64\jre\21.0.10-win32-x86_64\bin\instrument.dll, loaded, initialized, instrumentlib options:none

dbghelp: loaded successfully - version: 4.0.5 - missing functions: none
symbol engine: initialized successfully - sym options: 0x614 - pdb path: .;c:\Users\prati\.cursor\extensions\redhat.java-1.54.0-win32-x64\jre\21.0.10-win32-x86_64\bin;C:\WINDOWS\SYSTEM32;C:\WINDOWS\WinSxS\amd64_microsoft.windows.common-controls_6595b64144ccf1df_6.0.26100.8521_none_3e08b75ce33403b3;c:\Users\prati\.cursor\extensions\redhat.java-1.54.0-win32-x64\jre\21.0.10-win32-x86_64\bin\server;C:\Users\prati\AppData\Roaming\Cursor\User\globalStorage\redhat.java\1.54.0\config_ss_win\org.eclipse.equinox.launcher\org.eclipse.equinox.launcher.win32.win32.x86_64_1.3.0.v20260203-2149;C:\Users\prati\AppData\Local\Temp\jna-106927444

VM Arguments:
jvm_args: --add-modules=ALL-SYSTEM --add-opens=java.base/java.util=ALL-UNNAMED --add-opens=java.base/java.lang=ALL-UNNAMED --add-opens=java.base/sun.nio.fs=ALL-UNNAMED -Declipse.application=org.eclipse.jdt.ls.core.id1 -Dosgi.bundles.defaultStartLevel=4 -Declipse.product=org.eclipse.jdt.ls.core.product -Djava.import.generatesMetadataFilesAtProjectRoot=false -DDetectVMInstallationsJob.disabled=true -Dfile.encoding=utf8 -XX:+UseParallelGC -XX:GCTimeRatio=4 -XX:AdaptiveSizePolicyWeight=90 -Dsun.zip.disableMemoryMapping=true -Xmx2G -Xms100m -Xlog:disable -javaagent:c:\Users\prati\.cursor\extensions\redhat.java-1.54.0-win32-x64\lombok\lombok-1.18.39-4050.jar 
java_command: c:\Users\prati\.cursor\extensions\redhat.java-1.54.0-win32-x64\server\plugins\org.eclipse.equinox.launcher_1.7.100.v20251111-0406.jar -configuration c:\Users\prati\AppData\Roaming\Cursor\User\globalStorage\redhat.java\1.54.0\config_ss_win -data c:\Users\prati\AppData\Roaming\Cursor\User\workspaceStorage\d1a8e0f931c2fc79481545991e8eff0d\redhat.java\ss_ws --pipe=\\.\pipe\lsp-a9e3cc0d06da16edc7fdeaea2c433d64-sock
java_class_path (initial): c:\Users\prati\.cursor\extensions\redhat.java-1.54.0-win32-x64\server\plugins\org.eclipse.equinox.launcher_1.7.100.v20251111-0406.jar
Launcher Type: SUN_STANDARD

[Global flags]
    uintx AdaptiveSizePolicyWeight                 = 90                                        {product} {command line}
     intx CICompilerCount                          = 4                                         {product} {ergonomic}
    uintx GCTimeRatio                              = 4                                         {product} {command line}
   size_t InitialHeapSize                          = 104857600                                 {product} {command line}
   size_t MaxHeapSize                              = 2147483648                                {product} {command line}
   size_t MaxNewSize                               = 715653120                                 {product} {ergonomic}
   size_t MinHeapDeltaBytes                        = 524288                                    {product} {ergonomic}
   size_t MinHeapSize                              = 104857600                                 {product} {command line}
   size_t NewSize                                  = 34603008                                  {product} {ergonomic}
    uintx NonNMethodCodeHeapSize                   = 5839372                                {pd product} {ergonomic}
    uintx NonProfiledCodeHeapSize                  = 122909434                              {pd product} {ergonomic}
   size_t OldSize                                  = 70254592                                  {product} {ergonomic}
    uintx ProfiledCodeHeapSize                     = 122909434                              {pd product} {ergonomic}
    uintx ReservedCodeCacheSize                    = 251658240                              {pd product} {ergonomic}
     bool SegmentedCodeCache                       = true                                      {product} {ergonomic}
   size_t SoftMaxHeapSize                          = 2147483648                             {manageable} {ergonomic}
     bool UseCompressedOops                        = true                           {product lp64_product} {ergonomic}
     bool UseLargePagesIndividualAllocation        = false                                  {pd product} {ergonomic}
     bool UseParallelGC                            = true                                      {product} {command line}

Logging:
Log output configuration:
 #0: stdout all=off uptime,level,tags foldmultilines=false
 #1: stderr all=off uptime,level,tags foldmultilines=false

Release file:
JAVA_VERSION="21.0.10" 
MODULES="java.base java.compiler java.datatransfer java.xml java.prefs java.desktop java.instrument java.logging java.management java.security.sasl java.naming java.rmi java.management.rmi java.net.http java.scripting java.security.jgss java.transaction.xa java.sql java.sql.rowset java.xml.crypto java.se java.smartcardio jdk.accessibility jdk.internal.jvmstat jdk.attach jdk.charsets jdk.internal.opt jdk.zipfs jdk.compiler jdk.crypto.ec jdk.crypto.cryptoki jdk.crypto.mscapi jdk.dynalink jdk.internal.ed jdk.editpad jdk.hotspot.agent jdk.httpserver jdk.internal.le jdk.internal.vm.ci jdk.internal.vm.compiler jdk.internal.vm.compiler.management jdk.jartool jdk.javadoc jdk.jcmd jdk.management jdk.management.agent jdk.jconsole jdk.jdeps jdk.jdwp.agent jdk.jdi jdk.jfr jdk.jshell jdk.jsobject jdk.jstatd jdk.localedata jdk.management.jfr jdk.naming.dns jdk.naming.rmi jdk.net jdk.nio.mapmode jdk.random jdk.sctp jdk.security.auth jdk.security.jgss jdk.unsupported jdk.unsupported.desktop jdk.xml.dom" 

Environment Variables:
PATH=C:\Program Files\Common Files\Oracle\Java\javapath;C:\Program Files (x86)\Common Files\Oracle\Java\java8path;C:\Program Files (x86)\Common Files\Oracle\Java\javapath;C:\windows\system32;C:\windows;C:\windows\System32\Wbem;C:\windows\System32\WindowsPowerShell\v1.0\;C:\windows\System32\OpenSSH\;C:\Program Files (x86)\NVIDIA Corporation\PhysX\Common;C:\Program Files\NVIDIA Corporation\NVIDIA NvDLISR;C:\WINDOWS\system32;C:\WINDOWS;C:\WINDOWS\System32\Wbem;C:\WINDOWS\System32\WindowsPowerShell\v1.0\;C:\WINDOWS\System32\OpenSSH\;C:\MinGW\bin;C:\Program Files\Java\jdk1.8.0_131\bin;C:\Program Files\MongoDB\Server\8.0\bin;kk;kl;C:\Users\prati\Downloads\apache-maven-3.9.10-bin\apache-maven-3.9.10\bin;C:\Program Files\nodejs\;C:\Program Files\Docker\Docker\resources\bin;C:\WINDOWS\system32;C:\WINDOWS;C:\WINDOWS\System32\Wbem;C:\WINDOWS\System32\WindowsPowerShell\v1.0\;C:\WINDOWS\System32\OpenSSH\;C:\Program Files\Git\cmd;C:\Program Files\Git\mingw64\bin;C:\Program Files\Git\usr\bin;C:\Users\prati\.local\bin;c:\Users\prati\AppData\Local\Programs\cursor\resources\app\codeBin;C:\Program Files\MySQL\MySQL Shell 8.0\bin\;C:\Users\prati\AppData\Local\Microsoft\WindowsApps;C:\Program Files\Java\jdk-23\bin;C:\Program Files\JetBrains\PyCharm Community Edition 2024.3.2\bin;kk;C:\Users\prati\AppData\Roaming\npm;C:\Program Files\JetBrains\IntelliJ IDEA 2025.1.4.1\bin;C:\Users\prati\AppData\Local\Programs\Microsoft VS Code\bin;C:\Users\prati\AppData\Local\Programs\Antigravity\bin;C:\Users\prati\AppData\Local\Programs\cursor\resources\app\bin
USERNAME=prati
OS=Windows_NT
PROCESSOR_IDENTIFIER=AMD64 Family 25 Model 80 Stepping 0, AuthenticAMD
TMP=C:\Users\prati\AppData\Local\Temp
TEMP=C:\Users\prati\AppData\Local\Temp




Periodic native trim disabled

---------------  S Y S T E M  ---------------

OS:
 Windows 11 , 64 bit Build 26100 (10.0.26100.8521)
OS uptime: 10 days 23:52 hours
Hyper-V role detected

CPU: total 12 (initial active 12) (12 cores per cpu, 2 threads per core) family 25 model 80 stepping 0 microcode 0xa50000d, cx8, cmov, fxsr, ht, mmx, 3dnowpref, sse, sse2, sse3, ssse3, sse4a, sse4.1, sse4.2, popcnt, lzcnt, tsc, tscinvbit, avx, avx2, aes, erms, clmul, bmi1, bmi2, adx, sha, fma, vzeroupper, clflush, clflushopt, hv, rdtscp, rdpid, fsrm, f16c, cet_ss
Processor Information for processor 0
  Max Mhz: 3301, Current Mhz: 3301, Mhz Limit: 3301
Processor Information for processor 1
  Max Mhz: 3301, Current Mhz: 2630, Mhz Limit: 3301
Processor Information for processor 2
  Max Mhz: 3301, Current Mhz: 2630, Mhz Limit: 3301
Processor Information for processor 3
  Max Mhz: 3301, Current Mhz: 3301, Mhz Limit: 3301
Processor Information for processor 4
  Max Mhz: 3301, Current Mhz: 2630, Mhz Limit: 3301
Processor Information for processor 5
  Max Mhz: 3301, Current Mhz: 3301, Mhz Limit: 3301
Processor Information for processor 6
  Max Mhz: 3301, Current Mhz: 3301, Mhz Limit: 3301
Processor Information for processor 7
  Max Mhz: 3301, Current Mhz: 3301, Mhz Limit: 3301
Processor Information for processor 8
  Max Mhz: 3301, Current Mhz: 3301, Mhz Limit: 3301
Processor Information for processor 9
  Max Mhz: 3301, Current Mhz: 2630, Mhz Limit: 3301
Processor Information for processor 10
  Max Mhz: 3301, Current Mhz: 2630, Mhz Limit: 3301
Processor Information for processor 11
  Max Mhz: 3301, Current Mhz: 3301, Mhz Limit: 3301

Memory: 4k page, system-wide physical 7521M (119M free)
TotalPageFile size 26867M (AvailPageFile size 18M)
current process WorkingSet (physical memory assigned to process): 200M, peak: 200M
current process commit charge ("private bytes"): 335M, peak: 336M

vm_info: OpenJDK 64-Bit Server VM (21.0.10+7-LTS) for windows-amd64 JRE (21.0.10+7-LTS), built on 2026-01-20T00:00:00Z by "admin" with MS VC++ 17.12 (VS2022)

END.
