#
# There is insufficient memory for the Java Runtime Environment to continue.
# Native memory allocation (malloc) failed to allocate 1048576 bytes. Error detail: AllocateHeap
# Possible reasons:
#   The system is out of physical RAM or swap space
#   This process is running with CompressedOops enabled, and the Java Heap may be blocking the growth of the native heap
# Possible solutions:
#   Reduce memory load on the system
#   Increase physical memory or swap space
#   Check if swap backing store is full
#   Decrease Java heap size (-Xmx/-Xms)
#   Decrease number of Java threads
#   Decrease Java thread stack sizes (-Xss)
#   Set larger code cache with -XX:ReservedCodeCacheSize=
#   JVM is running with Unscaled Compressed Oops mode in which the Java heap is
#     placed in the first 4GB address space. The Java Heap base address is the
#     maximum limit for the native heap growth. Please use -XX:HeapBaseMinAddress
#     to set the Java Heap base and to place the Java Heap above 4GB virtual address.
# This output file may be truncated or incomplete.
#
#  Out of Memory Error (allocation.cpp:44), pid=29280, tid=4316
#
# JRE version:  (21.0.10+7) (build )
# Java VM: OpenJDK 64-Bit Server VM (21.0.10+7-LTS, mixed mode, sharing, tiered, compressed oops, compressed class ptrs, parallel gc, windows-amd64)
# No core dump will be written. Minidumps are not enabled by default on client versions of Windows
#

---------------  S U M M A R Y ------------

Command Line: --add-modules=ALL-SYSTEM --add-opens=java.base/java.util=ALL-UNNAMED --add-opens=java.base/java.lang=ALL-UNNAMED --add-opens=java.base/sun.nio.fs=ALL-UNNAMED -Declipse.application=org.eclipse.jdt.ls.core.id1 -Dosgi.bundles.defaultStartLevel=4 -Declipse.product=org.eclipse.jdt.ls.core.product -Djava.import.generatesMetadataFilesAtProjectRoot=false -DDetectVMInstallationsJob.disabled=true -Dfile.encoding=utf8 -XX:+UseParallelGC -XX:GCTimeRatio=4 -XX:AdaptiveSizePolicyWeight=90 -Dsun.zip.disableMemoryMapping=true -Xmx2G -Xms100m -Xlog:disable -javaagent:c:\Users\prati\.cursor\extensions\redhat.java-1.54.0-win32-x64\lombok\lombok-1.18.39-4050.jar c:\Users\prati\.cursor\extensions\redhat.java-1.54.0-win32-x64\server\plugins\org.eclipse.equinox.launcher_1.7.100.v20251111-0406.jar -configuration c:\Users\prati\AppData\Roaming\Cursor\User\globalStorage\redhat.java\1.54.0\config_ss_win -data c:\Users\prati\AppData\Roaming\Cursor\User\workspaceStorage\d1a8e0f931c2fc79481545991e8eff0d\redhat.java\ss_ws --pipe=\\.\pipe\lsp-cf2bc4a463cf911a0f27dd6c0ee42a87-sock

Host: AMD Ryzen 5 5600H with Radeon Graphics         , 12 cores, 7G,  Windows 11 , 64 bit Build 26100 (10.0.26100.8521)
Time: Tue Jun 23 14:01:44 2026 India Standard Time elapsed time: 0.138961 seconds (0d 0h 0m 0s)

---------------  T H R E A D  ---------------

Current thread (0x000001ab502bf0e0):  JavaThread "Unknown thread" [_thread_in_vm, id=4316, stack(0x0000003e65f00000,0x0000003e66000000) (1024K)]

Stack: [0x0000003e65f00000,0x0000003e66000000]
Native frames: (J=compiled Java code, j=interpreted, Vv=VM code, C=native code)
V  [jvm.dll+0x6d7a39]
V  [jvm.dll+0x8b4b26]
V  [jvm.dll+0x8b70de]
V  [jvm.dll+0x8b77c3]
V  [jvm.dll+0x284346]
V  [jvm.dll+0xc1277]
V  [jvm.dll+0x71518d]
V  [jvm.dll+0x71584c]
V  [jvm.dll+0x6e65d8]
V  [jvm.dll+0x87f17c]
V  [jvm.dll+0x3c49fc]
V  [jvm.dll+0x867e6b]
V  [jvm.dll+0x457b31]
V  [jvm.dll+0x459721]
C  [jli.dll+0x52d0]
C  [ucrtbase.dll+0x2cd30]
C  [KERNEL32.DLL+0x2e957]
C  [ntdll.dll+0x87c1c]


---------------  P R O C E S S  ---------------

Threads class SMR info:
_java_thread_list=0x000001ab502d9dd0, length=1, elements={
0x000001ab502bf0e0
}

Java Threads: ( => current thread )
=>0x000001ab502bf0e0 JavaThread "Unknown thread"             [_thread_in_vm, id=4316, stack(0x0000003e65f00000,0x0000003e66000000) (1024K)]
Total: 1

Other Threads:
  0x000001ab5013ca00 WatcherThread "VM Periodic Task Thread"        [id=35948, stack(0x0000003e66100000,0x0000003e66200000) (1024K)]
  0x000001ab502d79c0 WorkerThread "GC Thread#0"                     [id=29988, stack(0x0000003e66000000,0x0000003e66100000) (1024K)]
Total: 2

Threads with active compile tasks:
Total: 0

VM state: not at safepoint (normal execution)

VM Mutex/Monitor currently owned by a thread: None

Heap address: 0x0000000080000000, size: 2048 MB, Compressed Oops mode: 32-bit

CDS archive(s) mapped at: [0x000001ab00000000-0x000001ab00ba0000-0x000001ab00ba0000), size 12189696, SharedBaseAddress: 0x000001ab00000000, ArchiveRelocationMode: 1.
Compressed class space mapped at: 0x000001ab01000000-0x000001ab41000000, reserved size: 1073741824
Narrow klass base: 0x000001ab00000000, Narrow klass shift: 0, Narrow klass range: 0x100000000

GC Precious Log:
 CardTable entry size: 512
 CPUs: 12 total, 12 available
 Memory: 7521M
 Large Page Support: Disabled
 NUMA Support: Disabled
 Compressed Oops: Enabled (32-bit)
 Alignments: Space 512K, Generation 512K, Heap 2M
 Heap Min Capacity: 100M
 Heap Initial Capacity: 100M
 Heap Max Capacity: 2G
 Pre-touch: Disabled
 Parallel Workers: 10

Heap:
 PSYoungGen      total 29696K, used 512K [0x00000000d5580000, 0x00000000d7680000, 0x0000000100000000)
  eden space 25600K, 2% used [0x00000000d5580000,0x00000000d5600020,0x00000000d6e80000)
  from space 4096K, 0% used [0x00000000d7280000,0x00000000d7280000,0x00000000d7680000)
  to   space 4096K, 0% used [0x00000000d6e80000,0x00000000d6e80000,0x00000000d7280000)
 ParOldGen       total 68608K, used 0K [0x0000000080000000, 0x0000000084300000, 0x00000000d5580000)
  object space 68608K, 0% used [0x0000000080000000,0x0000000080000000,0x0000000084300000)
 Metaspace       used 0K, committed 0K, reserved 1048576K
  class space    used 0K, committed 0K, reserved 1048576K

Card table byte_map: [0x000001ab4fc50000,0x000001ab50060000] _byte_map_base: 0x000001ab4f850000

Marking Bits: (ParMarkBitMap*) 0x00007fface553450
 Begin Bits: [0x000001ab62760000, 0x000001ab64760000)
 End Bits:   [0x000001ab64760000, 0x000001ab66760000)

Polling page: 0x000001ab4e090000

Metaspace:

Usage:
  Non-class:      0 bytes used.
      Class:      0 bytes used.
       Both:      0 bytes used.

Virtual space:
  Non-class space:        0 bytes reserved,       0 bytes (  ?%) committed,  0 nodes.
      Class space:        1.00 GB reserved,       0 bytes (  0%) committed,  1 nodes.
             Both:        1.00 GB reserved,       0 bytes (  0%) committed. 

Chunk freelists:
   Non-Class:  0 bytes
       Class:  16.00 MB
        Both:  16.00 MB

MaxMetaspaceSize: unlimited
CompressedClassSpaceSize: 1.00 GB
Initial GC threshold: 21.00 MB
Current GC threshold: 17179869184.00 GB
CDS: on
 - commit_granule_bytes: 65536.
 - commit_granule_words: 8192.
 - virtual_space_node_default_size: 8388608.
 - enlarge_chunks_in_place: 1.
 - use_allocation_guard: 0.


Internal statistics:

num_allocs_failed_limit: 0.
num_arena_births: 0.
num_arena_deaths: 0.
num_vsnodes_births: 1.
num_vsnodes_deaths: 0.
num_space_committed: 0.
num_space_uncommitted: 0.
num_chunks_returned_to_freelist: 0.
num_chunks_taken_from_freelist: 1.
num_chunk_merges: 0.
num_chunk_splits: 1.
num_chunks_enlarged: 0.
num_inconsistent_stats: 0.

CodeHeap 'non-profiled nmethods': size=120000Kb used=0Kb max_used=0Kb free=120000Kb
 bounds [0x000001ab5af80000, 0x000001ab5b1f0000, 0x000001ab624b0000]
CodeHeap 'profiled nmethods': size=120000Kb used=0Kb max_used=0Kb free=120000Kb
 bounds [0x000001ab534b0000, 0x000001ab53720000, 0x000001ab5a9e0000]
CodeHeap 'non-nmethods': size=5760Kb used=194Kb max_used=342Kb free=5565Kb
 bounds [0x000001ab5a9e0000, 0x000001ab5ac50000, 0x000001ab5af80000]
CodeCache: size=245760Kb, used=194Kb, max_used=342Kb, free=245565Kb
 total_blobs=70, nmethods=0, adapters=48, full_count=0
Compilation: enabled, stopped_count=0, restarted_count=0

Compilation events (0 events):
No events

GC Heap History (0 events):
No events

Dll operation events (1 events):
Event: 0.033 Loaded shared library c:\Users\prati\.cursor\extensions\redhat.java-1.54.0-win32-x64\jre\21.0.10-win32-x86_64\bin\java.dll

Deoptimization events (0 events):
No events

Classes loaded (0 events):
No events

Classes unloaded (0 events):
No events

Classes redefined (0 events):
No events

Internal exceptions (0 events):
No events

ZGC Phase Switch (0 events):
No events

VM Operations (0 events):
No events

Memory protections (0 events):
No events

Nmethod flushes (0 events):
No events

Events (1 events):
Event: 0.077 Thread 0x000001ab502bf0e0 Thread added: 0x000001ab502bf0e0


Dynamic libraries:
0x00007ff707560000 - 0x00007ff70756e000 	c:\Users\prati\.cursor\extensions\redhat.java-1.54.0-win32-x64\jre\21.0.10-win32-x86_64\bin\java.exe
0x00007ffb6b9c0000 - 0x00007ffb6bc26000 	C:\WINDOWS\SYSTEM32\ntdll.dll
0x00007ffb6ae70000 - 0x00007ffb6af39000 	C:\WINDOWS\System32\KERNEL32.DLL
0x00007ffb69330000 - 0x00007ffb6972a000 	C:\WINDOWS\System32\KERNELBASE.dll
0x00007ffb65c60000 - 0x00007ffb65d00000 	C:\WINDOWS\SYSTEM32\apphelp.dll
0x00007ffb691e0000 - 0x00007ffb6932c000 	C:\WINDOWS\System32\ucrtbase.dll
0x00007ffb49b10000 - 0x00007ffb49b28000 	c:\Users\prati\.cursor\extensions\redhat.java-1.54.0-win32-x64\jre\21.0.10-win32-x86_64\bin\jli.dll
0x00007ffb6a010000 - 0x00007ffb6a1d7000 	C:\WINDOWS\System32\USER32.dll
0x00007ffb691b0000 - 0x00007ffb691d7000 	C:\WINDOWS\System32\win32u.dll
0x00007ffb6b7f0000 - 0x00007ffb6b81b000 	C:\WINDOWS\System32\GDI32.dll
0x00007ffb68d10000 - 0x00007ffb68e3b000 	C:\WINDOWS\System32\gdi32full.dll
0x00007ffb69100000 - 0x00007ffb691a3000 	C:\WINDOWS\System32\msvcp_win.dll
0x00007ffb61ec0000 - 0x00007ffb61ede000 	c:\Users\prati\.cursor\extensions\redhat.java-1.54.0-win32-x64\jre\21.0.10-win32-x86_64\bin\VCRUNTIME140.dll
0x00007ffb4eaf0000 - 0x00007ffb4ed82000 	C:\WINDOWS\WinSxS\amd64_microsoft.windows.common-controls_6595b64144ccf1df_6.0.26100.8521_none_3e08b75ce33403b3\COMCTL32.dll
0x00007ffb69890000 - 0x00007ffb69939000 	C:\WINDOWS\System32\msvcrt.dll
0x00007ffb69dd0000 - 0x00007ffb69e02000 	C:\WINDOWS\System32\IMM32.DLL
0x00007ffb637b0000 - 0x00007ffb637bc000 	c:\Users\prati\.cursor\extensions\redhat.java-1.54.0-win32-x64\jre\21.0.10-win32-x86_64\bin\vcruntime140_1.dll
0x00007ffafffd0000 - 0x00007ffb0005d000 	c:\Users\prati\.cursor\extensions\redhat.java-1.54.0-win32-x64\jre\21.0.10-win32-x86_64\bin\msvcp140.dll
0x00007ffacd890000 - 0x00007fface631000 	c:\Users\prati\.cursor\extensions\redhat.java-1.54.0-win32-x64\jre\21.0.10-win32-x86_64\bin\server\jvm.dll
0x00007ffb6b4b0000 - 0x00007ffb6b566000 	C:\WINDOWS\System32\ADVAPI32.dll
0x00007ffb6b740000 - 0x00007ffb6b7ea000 	C:\WINDOWS\System32\sechost.dll
0x00007ffb6af40000 - 0x00007ffb6b058000 	C:\WINDOWS\System32\RPCRT4.dll
0x00007ffb69f80000 - 0x00007ffb6a000000 	C:\WINDOWS\System32\WS2_32.dll
0x00007ffb68ab0000 - 0x00007ffb68b0e000 	C:\WINDOWS\SYSTEM32\POWRPROF.dll
0x00007ffb62db0000 - 0x00007ffb62dbb000 	C:\WINDOWS\SYSTEM32\VERSION.dll
0x00007ffb61740000 - 0x00007ffb61776000 	C:\WINDOWS\SYSTEM32\WINMM.dll
0x00007ffb68a90000 - 0x00007ffb68aa4000 	C:\WINDOWS\SYSTEM32\UMPDC.dll
0x00007ffb679c0000 - 0x00007ffb679db000 	C:\WINDOWS\SYSTEM32\kernel.appcore.dll
0x00007ffb61e60000 - 0x00007ffb61e6a000 	c:\Users\prati\.cursor\extensions\redhat.java-1.54.0-win32-x64\jre\21.0.10-win32-x86_64\bin\jimage.dll
0x00007ffb5dc60000 - 0x00007ffb5dea2000 	C:\WINDOWS\SYSTEM32\DBGHELP.DLL
0x00007ffb6b120000 - 0x00007ffb6b4a3000 	C:\WINDOWS\System32\combase.dll
0x00007ffb6a560000 - 0x00007ffb6a639000 	C:\WINDOWS\System32\OLEAUT32.dll
0x00007ffb4dd10000 - 0x00007ffb4dd4b000 	C:\WINDOWS\SYSTEM32\dbgcore.DLL
0x00007ffb68fc0000 - 0x00007ffb69068000 	C:\WINDOWS\System32\bcryptPrimitives.dll
0x00007ffb51a80000 - 0x00007ffb51a8f000 	c:\Users\prati\.cursor\extensions\redhat.java-1.54.0-win32-x64\jre\21.0.10-win32-x86_64\bin\instrument.dll
0x00007ffb474a0000 - 0x00007ffb474c0000 	c:\Users\prati\.cursor\extensions\redhat.java-1.54.0-win32-x64\jre\21.0.10-win32-x86_64\bin\java.dll

JVMTI agents:
c:\Users\prati\.cursor\extensions\redhat.java-1.54.0-win32-x64\lombok\lombok-1.18.39-4050.jar path:none, loaded, not initialized, instrumentlib options:none

dbghelp: loaded successfully - version: 4.0.5 - missing functions: none
symbol engine: initialized successfully - sym options: 0x614 - pdb path: .;c:\Users\prati\.cursor\extensions\redhat.java-1.54.0-win32-x64\jre\21.0.10-win32-x86_64\bin;C:\WINDOWS\SYSTEM32;C:\WINDOWS\WinSxS\amd64_microsoft.windows.common-controls_6595b64144ccf1df_6.0.26100.8521_none_3e08b75ce33403b3;c:\Users\prati\.cursor\extensions\redhat.java-1.54.0-win32-x64\jre\21.0.10-win32-x86_64\bin\server

VM Arguments:
jvm_args: --add-modules=ALL-SYSTEM --add-opens=java.base/java.util=ALL-UNNAMED --add-opens=java.base/java.lang=ALL-UNNAMED --add-opens=java.base/sun.nio.fs=ALL-UNNAMED -Declipse.application=org.eclipse.jdt.ls.core.id1 -Dosgi.bundles.defaultStartLevel=4 -Declipse.product=org.eclipse.jdt.ls.core.product -Djava.import.generatesMetadataFilesAtProjectRoot=false -DDetectVMInstallationsJob.disabled=true -Dfile.encoding=utf8 -XX:+UseParallelGC -XX:GCTimeRatio=4 -XX:AdaptiveSizePolicyWeight=90 -Dsun.zip.disableMemoryMapping=true -Xmx2G -Xms100m -Xlog:disable -javaagent:c:\Users\prati\.cursor\extensions\redhat.java-1.54.0-win32-x64\lombok\lombok-1.18.39-4050.jar 
java_command: c:\Users\prati\.cursor\extensions\redhat.java-1.54.0-win32-x64\server\plugins\org.eclipse.equinox.launcher_1.7.100.v20251111-0406.jar -configuration c:\Users\prati\AppData\Roaming\Cursor\User\globalStorage\redhat.java\1.54.0\config_ss_win -data c:\Users\prati\AppData\Roaming\Cursor\User\workspaceStorage\d1a8e0f931c2fc79481545991e8eff0d\redhat.java\ss_ws --pipe=\\.\pipe\lsp-cf2bc4a463cf911a0f27dd6c0ee42a87-sock
java_class_path (initial): c:\Users\prati\.cursor\extensions\redhat.java-1.54.0-win32-x64\server\plugins\org.eclipse.equinox.launcher_1.7.100.v20251111-0406.jar
Launcher Type: SUN_STANDARD

[Global flags]
    uintx AdaptiveSizePolicyWeight                 = 90                                        {product} {command line}
     intx CICompilerCount                          = 4                                         {product} {ergonomic}
    uintx GCTimeRatio                              = 4                                         {product} {command line}
   size_t InitialHeapSize                          = 104857600                                 {product} {command line}
   size_t MaxHeapSize                              = 2147483648                                {product} {command line}
   size_t MaxNewSize                               = 715653120                                 {product} {ergonomic}
   size_t MinHeapDeltaBytes                        = 524288                                    {product} {ergonomic}
   size_t MinHeapSize                              = 104857600                                 {product} {command line}
   size_t NewSize                                  = 34603008                                  {product} {ergonomic}
    uintx NonNMethodCodeHeapSize                   = 5839372                                {pd product} {ergonomic}
    uintx NonProfiledCodeHeapSize                  = 122909434                              {pd product} {ergonomic}
   size_t OldSize                                  = 70254592                                  {product} {ergonomic}
    uintx ProfiledCodeHeapSize                     = 122909434                              {pd product} {ergonomic}
    uintx ReservedCodeCacheSize                    = 251658240                              {pd product} {ergonomic}
     bool SegmentedCodeCache                       = true                                      {product} {ergonomic}
   size_t SoftMaxHeapSize                          = 2147483648                             {manageable} {ergonomic}
     bool UseCompressedOops                        = true                           {product lp64_product} {ergonomic}
     bool UseLargePagesIndividualAllocation        = false                                  {pd product} {ergonomic}
     bool UseParallelGC                            = true                                      {product} {command line}

Logging:
Log output configuration:
 #0: stdout all=off uptime,level,tags foldmultilines=false
 #1: stderr all=off uptime,level,tags foldmultilines=false

Release file:
<release file has not been read>
Environment Variables:
PATH=C:\Program Files\Common Files\Oracle\Java\javapath;C:\Program Files (x86)\Common Files\Oracle\Java\java8path;C:\Program Files (x86)\Common Files\Oracle\Java\javapath;C:\windows\system32;C:\windows;C:\windows\System32\Wbem;C:\windows\System32\WindowsPowerShell\v1.0\;C:\windows\System32\OpenSSH\;C:\Program Files (x86)\NVIDIA Corporation\PhysX\Common;C:\Program Files\NVIDIA Corporation\NVIDIA NvDLISR;C:\WINDOWS\system32;C:\WINDOWS;C:\WINDOWS\System32\Wbem;C:\WINDOWS\System32\WindowsPowerShell\v1.0\;C:\WINDOWS\System32\OpenSSH\;C:\MinGW\bin;C:\Program Files\Java\jdk1.8.0_131\bin;C:\Program Files\MongoDB\Server\8.0\bin;kk;kl;C:\Users\prati\Downloads\apache-maven-3.9.10-bin\apache-maven-3.9.10\bin;C:\Program Files\nodejs\;C:\Program Files\Docker\Docker\resources\bin;C:\WINDOWS\system32;C:\WINDOWS;C:\WINDOWS\System32\Wbem;C:\WINDOWS\System32\WindowsPowerShell\v1.0\;C:\WINDOWS\System32\OpenSSH\;C:\Program Files\Git\cmd;C:\Program Files\Git\mingw64\bin;C:\Program Files\Git\usr\bin;C:\Users\prati\.local\bin;c:\Users\prati\AppData\Local\Programs\cursor\resources\app\codeBin;C:\Program Files\MySQL\MySQL Shell 8.0\bin\;C:\Users\prati\AppData\Local\Microsoft\WindowsApps;C:\Program Files\Java\jdk-23\bin;C:\Program Files\JetBrains\PyCharm Community Edition 2024.3.2\bin;kk;C:\Users\prati\AppData\Roaming\npm;C:\Program Files\JetBrains\IntelliJ IDEA 2025.1.4.1\bin;C:\Users\prati\AppData\Local\Programs\Microsoft VS Code\bin;C:\Users\prati\AppData\Local\Programs\Antigravity\bin;C:\Users\prati\AppData\Local\Programs\cursor\resources\app\bin
USERNAME=prati
OS=Windows_NT
PROCESSOR_IDENTIFIER=AMD64 Family 25 Model 80 Stepping 0, AuthenticAMD
TMP=C:\Users\prati\AppData\Local\Temp
TEMP=C:\Users\prati\AppData\Local\Temp




Periodic native trim disabled

---------------  S Y S T E M  ---------------

OS:
 Windows 11 , 64 bit Build 26100 (10.0.26100.8521)
OS uptime: 10 days 23:52 hours
Hyper-V role detected

CPU: total 12 (initial active 12) (12 cores per cpu, 2 threads per core) family 25 model 80 stepping 0 microcode 0xa50000d, cx8, cmov, fxsr, ht, mmx, 3dnowpref, sse, sse2, sse3, ssse3, sse4a, sse4.1, sse4.2, popcnt, lzcnt, tsc, tscinvbit, avx, avx2, aes, erms, clmul, bmi1, bmi2, adx, sha, fma, vzeroupper, clflush, clflushopt, hv, rdtscp, rdpid, fsrm, f16c, cet_ss
Processor Information for the first 12 processors :
  Max Mhz: 3301, Current Mhz: 3301, Mhz Limit: 3301

Memory: 4k page, system-wide physical 7521M (173M free)
TotalPageFile size 26867M (AvailPageFile size 5M)
current process WorkingSet (physical memory assigned to process): 27M, peak: 27M
current process commit charge ("private bytes"): 221M, peak: 222M

vm_info: OpenJDK 64-Bit Server VM (21.0.10+7-LTS) for windows-amd64 JRE (21.0.10+7-LTS), built on 2026-01-20T00:00:00Z by "admin" with MS VC++ 17.12 (VS2022)

END.
